Performing C SOURCE FILE Test CMAKE_HAVE_LIBC_PTHREAD failed with the following output:
Change Dir: /home/dhinesh/Downloads/cpp-boilerplate/build/CMakeFiles/CMakeTmp

Run Build Command(s):/usr/bin/make cmTC_9a5de/fast && /usr/bin/make -f CMakeFiles/cmTC_9a5de.dir/build.make CMakeFiles/cmTC_9a5de.dir/build
make[1]: Entering directory '/home/dhinesh/Downloads/cpp-boilerplate/build/CMakeFiles/CMakeTmp'
Building C object CMakeFiles/cmTC_9a5de.dir/src.c.o
/usr/bin/cc   -DCMAKE_HAVE_LIBC_PTHREAD   -o CMakeFiles/cmTC_9a5de.dir/src.c.o   -c /home/dhinesh/Downloads/cpp-boilerplate/build/CMakeFiles/CMakeTmp/src.c
Linking C executable cmTC_9a5de
/usr/bin/cmake -E cmake_link_script CMakeFiles/cmTC_9a5de.dir/link.txt --verbose=1
/usr/bin/cc  -DCMAKE_HAVE_LIBC_PTHREAD    -rdynamic CMakeFiles/cmTC_9a5de.dir/src.c.o  -o cmTC_9a5de 
/usr/bin/ld: CMakeFiles/cmTC_9a5de.dir/src.c.o: in function `main':
src.c:(.text+0x46): undefined reference to `pthread_create'
/usr/bin/ld: src.c:(.text+0x52): undefined reference to `pthread_detach'
/usr/bin/ld: src.c:(.text+0x63): undefined reference to `pthread_join'
collect2: error: ld returned 1 exit status
make[1]: *** [CMakeFiles/cmTC_9a5de.dir/build.make:87: cmTC_9a5de] Error 1
make[1]: Leaving directory '/home/dhinesh/Downloads/cpp-boilerplate/build/CMakeFiles/CMakeTmp'
make: *** [Makefile:121: cmTC_9a5de/fast] Error 2


Source file was:
#include <pthread.h>

void* test_func(void* data)
{
  return data;
}

int main(void)
{
  pthread_t thread;
  pthread_create(&thread, NULL, test_func, NULL);
  pthread_detach(thread);
  pthread_join(thread, NULL);
  pthread_atfork(NULL, NULL, NULL);
  pthread_exit(NULL);

  return 0;
}

Determining if the function pthread_create exists in the pthreads failed with the following output:
Change Dir: /home/dhinesh/Downloads/cpp-boilerplate/build/CMakeFiles/CMakeTmp

Run Build Command(s):/usr/bin/make cmTC_ee681/fast && /usr/bin/make -f CMakeFiles/cmTC_ee681.dir/build.make CMakeFiles/cmTC_ee681.dir/build
make[1]: Entering directory '/home/dhinesh/Downloads/cpp-boilerplate/build/CMakeFiles/CMakeTmp'
Building C object CMakeFiles/cmTC_ee681.dir/CheckFunctionExists.c.o
/usr/bin/cc   -DCHECK_FUNCTION_EXISTS=pthread_create   -o CMakeFiles/cmTC_ee681.dir/CheckFunctionExists.c.o   -c /usr/share/cmake-3.16/Modules/CheckFunctionExists.c
Linking C executable cmTC_ee681
/usr/bin/cmake -E cmake_link_script CMakeFiles/cmTC_ee681.dir/link.txt --verbose=1
/usr/bin/cc  -DCHECK_FUNCTION_EXISTS=pthread_create    -rdynamic CMakeFiles/cmTC_ee681.dir/CheckFunctionExists.c.o  -o cmTC_ee681  -lpthreads 
/usr/bin/ld: cannot find -lpthreads
collect2: error: ld returned 1 exit status
make[1]: *** [CMakeFiles/cmTC_ee681.dir/build.make:87: cmTC_ee681] Error 1
make[1]: Leaving directory '/home/dhinesh/Downloads/cpp-boilerplate/build/CMakeFiles/CMakeTmp'
make: *** [Makefile:121: cmTC_ee681/fast] Error 2



Performing C SOURCE FILE Test CMAKE_HAVE_LIBC_PTHREAD failed with the following output:
Change Dir: /home/dhinesh/Downloads/cpp-boilerplate/build/CMakeFiles/CMakeTmp

Run Build Command(s):/usr/bin/make cmTC_09dfc/fast && /usr/bin/make -f CMakeFiles/cmTC_09dfc.dir/build.make CMakeFiles/cmTC_09dfc.dir/build
make[1]: Entering directory '/home/dhinesh/Downloads/cpp-boilerplate/build/CMakeFiles/CMakeTmp'
Building C object CMakeFiles/cmTC_09dfc.dir/src.c.o
/usr/bin/cc   -DCMAKE_HAVE_LIBC_PTHREAD   -o CMakeFiles/cmTC_09dfc.dir/src.c.o   -c /home/dhinesh/Downloads/cpp-boilerplate/build/CMakeFiles/CMakeTmp/src.c
Linking C executable cmTC_09dfc
/usr/bin/cmake -E cmake_link_script CMakeFiles/cmTC_09dfc.dir/link.txt --verbose=1
/usr/bin/cc  -DCMAKE_HAVE_LIBC_PTHREAD    -rdynamic CMakeFiles/cmTC_09dfc.dir/src.c.o  -o cmTC_09dfc 
/usr/bin/ld: CMakeFiles/cmTC_09dfc.dir/src.c.o: in function `main':
src.c:(.text+0x46): undefined reference to `pthread_create'
/usr/bin/ld: src.c:(.text+0x52): undefined reference to `pthread_detach'
/usr/bin/ld: src.c:(.text+0x63): undefined reference to `pthread_join'
collect2: error: ld returned 1 exit status
make[1]: *** [CMakeFiles/cmTC_09dfc.dir/build.make:87: cmTC_09dfc] Error 1
make[1]: Leaving directory '/home/dhinesh/Downloads/cpp-boilerplate/build/CMakeFiles/CMakeTmp'
make: *** [Makefile:121: cmTC_09dfc/fast] Error 2


Source file was:
#include <pthread.h>

void* test_func(void* data)
{
  return data;
}

int main(void)
{
  pthread_t thread;
  pthread_create(&thread, NULL, test_func, NULL);
  pthread_detach(thread);
  pthread_join(thread, NULL);
  pthread_atfork(NULL, NULL, NULL);
  pthread_exit(NULL);

  return 0;
}

Determining if the function pthread_create exists in the pthreads failed with the following output:
Change Dir: /home/dhinesh/Downloads/cpp-boilerplate/build/CMakeFiles/CMakeTmp

Run Build Command(s):/usr/bin/make cmTC_a38d8/fast && /usr/bin/make -f CMakeFiles/cmTC_a38d8.dir/build.make CMakeFiles/cmTC_a38d8.dir/build
make[1]: Entering directory '/home/dhinesh/Downloads/cpp-boilerplate/build/CMakeFiles/CMakeTmp'
Building C object CMakeFiles/cmTC_a38d8.dir/CheckFunctionExists.c.o
/usr/bin/cc   -DCHECK_FUNCTION_EXISTS=pthread_create   -o CMakeFiles/cmTC_a38d8.dir/CheckFunctionExists.c.o   -c /usr/share/cmake-3.16/Modules/CheckFunctionExists.c
Linking C executable cmTC_a38d8
/usr/bin/cmake -E cmake_link_script CMakeFiles/cmTC_a38d8.dir/link.txt --verbose=1
/usr/bin/cc  -DCHECK_FUNCTION_EXISTS=pthread_create    -rdynamic CMakeFiles/cmTC_a38d8.dir/CheckFunctionExists.c.o  -o cmTC_a38d8  -lpthreads 
/usr/bin/ld: cannot find -lpthreads
collect2: error: ld returned 1 exit status
make[1]: *** [CMakeFiles/cmTC_a38d8.dir/build.make:87: cmTC_a38d8] Error 1
make[1]: Leaving directory '/home/dhinesh/Downloads/cpp-boilerplate/build/CMakeFiles/CMakeTmp'
make: *** [Makefile:121: cmTC_a38d8/fast] Error 2



Performing C SOURCE FILE Test CMAKE_HAVE_LIBC_PTHREAD failed with the following output:
Change Dir: /home/dhinesh/Downloads/cpp-boilerplate/build/CMakeFiles/CMakeTmp

Run Build Command(s):/usr/bin/make cmTC_c5bd0/fast && make[1]: Entering directory '/home/dhinesh/Downloads/cpp-boilerplate/build/CMakeFiles/CMakeTmp'
/usr/bin/make -f CMakeFiles/cmTC_c5bd0.dir/build.make CMakeFiles/cmTC_c5bd0.dir/build
make[2]: Entering directory '/home/dhinesh/Downloads/cpp-boilerplate/build/CMakeFiles/CMakeTmp'
Building C object CMakeFiles/cmTC_c5bd0.dir/src.c.o
/usr/bin/cc   -DCMAKE_HAVE_LIBC_PTHREAD   -o CMakeFiles/cmTC_c5bd0.dir/src.c.o   -c /home/dhinesh/Downloads/cpp-boilerplate/build/CMakeFiles/CMakeTmp/src.c
Linking C executable cmTC_c5bd0
/usr/bin/cmake -E cmake_link_script CMakeFiles/cmTC_c5bd0.dir/link.txt --verbose=1
/usr/bin/cc  -DCMAKE_HAVE_LIBC_PTHREAD    -rdynamic CMakeFiles/cmTC_c5bd0.dir/src.c.o  -o cmTC_c5bd0 
/usr/bin/ld: CMakeFiles/cmTC_c5bd0.dir/src.c.o: in function `main':
src.c:(.text+0x46): undefined reference to `pthread_create'
/usr/bin/ld: src.c:(.text+0x52): undefined reference to `pthread_detach'
/usr/bin/ld: src.c:(.text+0x63): undefined reference to `pthread_join'
collect2: error: ld returned 1 exit status
make[2]: *** [CMakeFiles/cmTC_c5bd0.dir/build.make:87: cmTC_c5bd0] Error 1
make[2]: Leaving directory '/home/dhinesh/Downloads/cpp-boilerplate/build/CMakeFiles/CMakeTmp'
make[1]: *** [Makefile:121: cmTC_c5bd0/fast] Error 2
make[1]: Leaving directory '/home/dhinesh/Downloads/cpp-boilerplate/build/CMakeFiles/CMakeTmp'


Source file was:
#include <pthread.h>

void* test_func(void* data)
{
  return data;
}

int main(void)
{
  pthread_t thread;
  pthread_create(&thread, NULL, test_func, NULL);
  pthread_detach(thread);
  pthread_join(thread, NULL);
  pthread_atfork(NULL, NULL, NULL);
  pthread_exit(NULL);

  return 0;
}

Determining if the function pthread_create exists in the pthreads failed with the following output:
Change Dir: /home/dhinesh/Downloads/cpp-boilerplate/build/CMakeFiles/CMakeTmp

Run Build Command(s):/usr/bin/make cmTC_c33f2/fast && make[1]: Entering directory '/home/dhinesh/Downloads/cpp-boilerplate/build/CMakeFiles/CMakeTmp'
/usr/bin/make -f CMakeFiles/cmTC_c33f2.dir/build.make CMakeFiles/cmTC_c33f2.dir/build
make[2]: Entering directory '/home/dhinesh/Downloads/cpp-boilerplate/build/CMakeFiles/CMakeTmp'
Building C object CMakeFiles/cmTC_c33f2.dir/CheckFunctionExists.c.o
/usr/bin/cc   -DCHECK_FUNCTION_EXISTS=pthread_create   -o CMakeFiles/cmTC_c33f2.dir/CheckFunctionExists.c.o   -c /usr/share/cmake-3.16/Modules/CheckFunctionExists.c
Linking C executable cmTC_c33f2
/usr/bin/cmake -E cmake_link_script CMakeFiles/cmTC_c33f2.dir/link.txt --verbose=1
/usr/bin/cc  -DCHECK_FUNCTION_EXISTS=pthread_create    -rdynamic CMakeFiles/cmTC_c33f2.dir/CheckFunctionExists.c.o  -o cmTC_c33f2  -lpthreads 
/usr/bin/ld: cannot find -lpthreads
collect2: error: ld returned 1 exit status
make[2]: *** [CMakeFiles/cmTC_c33f2.dir/build.make:87: cmTC_c33f2] Error 1
make[2]: Leaving directory '/home/dhinesh/Downloads/cpp-boilerplate/build/CMakeFiles/CMakeTmp'
make[1]: *** [Makefile:121: cmTC_c33f2/fast] Error 2
make[1]: Leaving directory '/home/dhinesh/Downloads/cpp-boilerplate/build/CMakeFiles/CMakeTmp'



Performing C SOURCE FILE Test CMAKE_HAVE_LIBC_PTHREAD failed with the following output:
Change Dir: /home/dhinesh/Downloads/cpp-boilerplate/build/CMakeFiles/CMakeTmp

Run Build Command(s):/usr/bin/make cmTC_b018f/fast && make[1]: Entering directory '/home/dhinesh/Downloads/cpp-boilerplate/build/CMakeFiles/CMakeTmp'
/usr/bin/make -f CMakeFiles/cmTC_b018f.dir/build.make CMakeFiles/cmTC_b018f.dir/build
make[2]: Entering directory '/home/dhinesh/Downloads/cpp-boilerplate/build/CMakeFiles/CMakeTmp'
Building C object CMakeFiles/cmTC_b018f.dir/src.c.o
/usr/bin/cc   -DCMAKE_HAVE_LIBC_PTHREAD   -o CMakeFiles/cmTC_b018f.dir/src.c.o   -c /home/dhinesh/Downloads/cpp-boilerplate/build/CMakeFiles/CMakeTmp/src.c
Linking C executable cmTC_b018f
/usr/bin/cmake -E cmake_link_script CMakeFiles/cmTC_b018f.dir/link.txt --verbose=1
/usr/bin/cc  -DCMAKE_HAVE_LIBC_PTHREAD    -rdynamic CMakeFiles/cmTC_b018f.dir/src.c.o  -o cmTC_b018f 
/usr/bin/ld: CMakeFiles/cmTC_b018f.dir/src.c.o: in function `main':
src.c:(.text+0x46): undefined reference to `pthread_create'
/usr/bin/ld: src.c:(.text+0x52): undefined reference to `pthread_detach'
/usr/bin/ld: src.c:(.text+0x63): undefined reference to `pthread_join'
collect2: error: ld returned 1 exit status
make[2]: *** [CMakeFiles/cmTC_b018f.dir/build.make:87: cmTC_b018f] Error 1
make[2]: Leaving directory '/home/dhinesh/Downloads/cpp-boilerplate/build/CMakeFiles/CMakeTmp'
make[1]: *** [Makefile:121: cmTC_b018f/fast] Error 2
make[1]: Leaving directory '/home/dhinesh/Downloads/cpp-boilerplate/build/CMakeFiles/CMakeTmp'


Source file was:
#include <pthread.h>

void* test_func(void* data)
{
  return data;
}

int main(void)
{
  pthread_t thread;
  pthread_create(&thread, NULL, test_func, NULL);
  pthread_detach(thread);
  pthread_join(thread, NULL);
  pthread_atfork(NULL, NULL, NULL);
  pthread_exit(NULL);

  return 0;
}

Determining if the function pthread_create exists in the pthreads failed with the following output:
Change Dir: /home/dhinesh/Downloads/cpp-boilerplate/build/CMakeFiles/CMakeTmp

Run Build Command(s):/usr/bin/make cmTC_0cf58/fast && make[1]: Entering directory '/home/dhinesh/Downloads/cpp-boilerplate/build/CMakeFiles/CMakeTmp'
/usr/bin/make -f CMakeFiles/cmTC_0cf58.dir/build.make CMakeFiles/cmTC_0cf58.dir/build
make[2]: Entering directory '/home/dhinesh/Downloads/cpp-boilerplate/build/CMakeFiles/CMakeTmp'
Building C object CMakeFiles/cmTC_0cf58.dir/CheckFunctionExists.c.o
/usr/bin/cc   -DCHECK_FUNCTION_EXISTS=pthread_create   -o CMakeFiles/cmTC_0cf58.dir/CheckFunctionExists.c.o   -c /usr/share/cmake-3.16/Modules/CheckFunctionExists.c
Linking C executable cmTC_0cf58
/usr/bin/cmake -E cmake_link_script CMakeFiles/cmTC_0cf58.dir/link.txt --verbose=1
/usr/bin/cc  -DCHECK_FUNCTION_EXISTS=pthread_create    -rdynamic CMakeFiles/cmTC_0cf58.dir/CheckFunctionExists.c.o  -o cmTC_0cf58  -lpthreads 
/usr/bin/ld: cannot find -lpthreads
collect2: error: ld returned 1 exit status
make[2]: *** [CMakeFiles/cmTC_0cf58.dir/build.make:87: cmTC_0cf58] Error 1
make[2]: Leaving directory '/home/dhinesh/Downloads/cpp-boilerplate/build/CMakeFiles/CMakeTmp'
make[1]: *** [Makefile:121: cmTC_0cf58/fast] Error 2
make[1]: Leaving directory '/home/dhinesh/Downloads/cpp-boilerplate/build/CMakeFiles/CMakeTmp'



Performing C SOURCE FILE Test CMAKE_HAVE_LIBC_PTHREAD failed with the following output:
Change Dir: /home/dhinesh/Downloads/cpp-boilerplate/build/CMakeFiles/CMakeTmp

Run Build Command(s):/usr/bin/make cmTC_9bb8e/fast && /usr/bin/make -f CMakeFiles/cmTC_9bb8e.dir/build.make CMakeFiles/cmTC_9bb8e.dir/build
make[1]: Entering directory '/home/dhinesh/Downloads/cpp-boilerplate/build/CMakeFiles/CMakeTmp'
Building C object CMakeFiles/cmTC_9bb8e.dir/src.c.o
/usr/bin/cc   -DCMAKE_HAVE_LIBC_PTHREAD   -o CMakeFiles/cmTC_9bb8e.dir/src.c.o   -c /home/dhinesh/Downloads/cpp-boilerplate/build/CMakeFiles/CMakeTmp/src.c
Linking C executable cmTC_9bb8e
/usr/bin/cmake -E cmake_link_script CMakeFiles/cmTC_9bb8e.dir/link.txt --verbose=1
/usr/bin/cc  -DCMAKE_HAVE_LIBC_PTHREAD    -rdynamic CMakeFiles/cmTC_9bb8e.dir/src.c.o  -o cmTC_9bb8e 
/usr/bin/ld: CMakeFiles/cmTC_9bb8e.dir/src.c.o: in function `main':
src.c:(.text+0x46): undefined reference to `pthread_create'
/usr/bin/ld: src.c:(.text+0x52): undefined reference to `pthread_detach'
/usr/bin/ld: src.c:(.text+0x63): undefined reference to `pthread_join'
collect2: error: ld returned 1 exit status
make[1]: *** [CMakeFiles/cmTC_9bb8e.dir/build.make:87: cmTC_9bb8e] Error 1
make[1]: Leaving directory '/home/dhinesh/Downloads/cpp-boilerplate/build/CMakeFiles/CMakeTmp'
make: *** [Makefile:121: cmTC_9bb8e/fast] Error 2


Source file was:
#include <pthread.h>

void* test_func(void* data)
{
  return data;
}

int main(void)
{
  pthread_t thread;
  pthread_create(&thread, NULL, test_func, NULL);
  pthread_detach(thread);
  pthread_join(thread, NULL);
  pthread_atfork(NULL, NULL, NULL);
  pthread_exit(NULL);

  return 0;
}

Determining if the function pthread_create exists in the pthreads failed with the following output:
Change Dir: /home/dhinesh/Downloads/cpp-boilerplate/build/CMakeFiles/CMakeTmp

Run Build Command(s):/usr/bin/make cmTC_5a8a4/fast && /usr/bin/make -f CMakeFiles/cmTC_5a8a4.dir/build.make CMakeFiles/cmTC_5a8a4.dir/build
make[1]: Entering directory '/home/dhinesh/Downloads/cpp-boilerplate/build/CMakeFiles/CMakeTmp'
Building C object CMakeFiles/cmTC_5a8a4.dir/CheckFunctionExists.c.o
/usr/bin/cc   -DCHECK_FUNCTION_EXISTS=pthread_create   -o CMakeFiles/cmTC_5a8a4.dir/CheckFunctionExists.c.o   -c /usr/share/cmake-3.16/Modules/CheckFunctionExists.c
Linking C executable cmTC_5a8a4
/usr/bin/cmake -E cmake_link_script CMakeFiles/cmTC_5a8a4.dir/link.txt --verbose=1
/usr/bin/cc  -DCHECK_FUNCTION_EXISTS=pthread_create    -rdynamic CMakeFiles/cmTC_5a8a4.dir/CheckFunctionExists.c.o  -o cmTC_5a8a4  -lpthreads 
/usr/bin/ld: cannot find -lpthreads
collect2: error: ld returned 1 exit status
make[1]: *** [CMakeFiles/cmTC_5a8a4.dir/build.make:87: cmTC_5a8a4] Error 1
make[1]: Leaving directory '/home/dhinesh/Downloads/cpp-boilerplate/build/CMakeFiles/CMakeTmp'
make: *** [Makefile:121: cmTC_5a8a4/fast] Error 2



Performing C SOURCE FILE Test CMAKE_HAVE_LIBC_PTHREAD failed with the following output:
Change Dir: /home/dhinesh/Downloads/cpp-boilerplate/build/CMakeFiles/CMakeTmp

Run Build Command(s):/usr/bin/make cmTC_b8ce1/fast && /usr/bin/make -f CMakeFiles/cmTC_b8ce1.dir/build.make CMakeFiles/cmTC_b8ce1.dir/build
make[1]: Entering directory '/home/dhinesh/Downloads/cpp-boilerplate/build/CMakeFiles/CMakeTmp'
Building C object CMakeFiles/cmTC_b8ce1.dir/src.c.o
/usr/bin/cc   -DCMAKE_HAVE_LIBC_PTHREAD   -o CMakeFiles/cmTC_b8ce1.dir/src.c.o   -c /home/dhinesh/Downloads/cpp-boilerplate/build/CMakeFiles/CMakeTmp/src.c
Linking C executable cmTC_b8ce1
/usr/bin/cmake -E cmake_link_script CMakeFiles/cmTC_b8ce1.dir/link.txt --verbose=1
/usr/bin/cc  -DCMAKE_HAVE_LIBC_PTHREAD    -rdynamic CMakeFiles/cmTC_b8ce1.dir/src.c.o  -o cmTC_b8ce1 
/usr/bin/ld: CMakeFiles/cmTC_b8ce1.dir/src.c.o: in function `main':
src.c:(.text+0x46): undefined reference to `pthread_create'
/usr/bin/ld: src.c:(.text+0x52): undefined reference to `pthread_detach'
/usr/bin/ld: src.c:(.text+0x63): undefined reference to `pthread_join'
collect2: error: ld returned 1 exit status
make[1]: *** [CMakeFiles/cmTC_b8ce1.dir/build.make:87: cmTC_b8ce1] Error 1
make[1]: Leaving directory '/home/dhinesh/Downloads/cpp-boilerplate/build/CMakeFiles/CMakeTmp'
make: *** [Makefile:121: cmTC_b8ce1/fast] Error 2


Source file was:
#include <pthread.h>

void* test_func(void* data)
{
  return data;
}

int main(void)
{
  pthread_t thread;
  pthread_create(&thread, NULL, test_func, NULL);
  pthread_detach(thread);
  pthread_join(thread, NULL);
  pthread_atfork(NULL, NULL, NULL);
  pthread_exit(NULL);

  return 0;
}

Determining if the function pthread_create exists in the pthreads failed with the following output:
Change Dir: /home/dhinesh/Downloads/cpp-boilerplate/build/CMakeFiles/CMakeTmp

Run Build Command(s):/usr/bin/make cmTC_edb65/fast && /usr/bin/make -f CMakeFiles/cmTC_edb65.dir/build.make CMakeFiles/cmTC_edb65.dir/build
make[1]: Entering directory '/home/dhinesh/Downloads/cpp-boilerplate/build/CMakeFiles/CMakeTmp'
Building C object CMakeFiles/cmTC_edb65.dir/CheckFunctionExists.c.o
/usr/bin/cc   -DCHECK_FUNCTION_EXISTS=pthread_create   -o CMakeFiles/cmTC_edb65.dir/CheckFunctionExists.c.o   -c /usr/share/cmake-3.16/Modules/CheckFunctionExists.c
Linking C executable cmTC_edb65
/usr/bin/cmake -E cmake_link_script CMakeFiles/cmTC_edb65.dir/link.txt --verbose=1
/usr/bin/cc  -DCHECK_FUNCTION_EXISTS=pthread_create    -rdynamic CMakeFiles/cmTC_edb65.dir/CheckFunctionExists.c.o  -o cmTC_edb65  -lpthreads 
/usr/bin/ld: cannot find -lpthreads
collect2: error: ld returned 1 exit status
make[1]: *** [CMakeFiles/cmTC_edb65.dir/build.make:87: cmTC_edb65] Error 1
make[1]: Leaving directory '/home/dhinesh/Downloads/cpp-boilerplate/build/CMakeFiles/CMakeTmp'
make: *** [Makefile:121: cmTC_edb65/fast] Error 2



Performing C SOURCE FILE Test CMAKE_HAVE_LIBC_PTHREAD failed with the following output:
Change Dir: /home/dhinesh/Downloads/cpp-boilerplate/build/CMakeFiles/CMakeTmp

Run Build Command(s):/usr/bin/make cmTC_13cac/fast && /usr/bin/make -f CMakeFiles/cmTC_13cac.dir/build.make CMakeFiles/cmTC_13cac.dir/build
make[1]: Entering directory '/home/dhinesh/Downloads/cpp-boilerplate/build/CMakeFiles/CMakeTmp'
Building C object CMakeFiles/cmTC_13cac.dir/src.c.o
/usr/bin/cc   -DCMAKE_HAVE_LIBC_PTHREAD   -o CMakeFiles/cmTC_13cac.dir/src.c.o   -c /home/dhinesh/Downloads/cpp-boilerplate/build/CMakeFiles/CMakeTmp/src.c
Linking C executable cmTC_13cac
/usr/bin/cmake -E cmake_link_script CMakeFiles/cmTC_13cac.dir/link.txt --verbose=1
/usr/bin/cc  -DCMAKE_HAVE_LIBC_PTHREAD    -rdynamic CMakeFiles/cmTC_13cac.dir/src.c.o  -o cmTC_13cac 
/usr/bin/ld: CMakeFiles/cmTC_13cac.dir/src.c.o: in function `main':
src.c:(.text+0x46): undefined reference to `pthread_create'
/usr/bin/ld: src.c:(.text+0x52): undefined reference to `pthread_detach'
/usr/bin/ld: src.c:(.text+0x63): undefined reference to `pthread_join'
collect2: error: ld returned 1 exit status
make[1]: *** [CMakeFiles/cmTC_13cac.dir/build.make:87: cmTC_13cac] Error 1
make[1]: Leaving directory '/home/dhinesh/Downloads/cpp-boilerplate/build/CMakeFiles/CMakeTmp'
make: *** [Makefile:121: cmTC_13cac/fast] Error 2


Source file was:
#include <pthread.h>

void* test_func(void* data)
{
  return data;
}

int main(void)
{
  pthread_t thread;
  pthread_create(&thread, NULL, test_func, NULL);
  pthread_detach(thread);
  pthread_join(thread, NULL);
  pthread_atfork(NULL, NULL, NULL);
  pthread_exit(NULL);

  return 0;
}

Determining if the function pthread_create exists in the pthreads failed with the following output:
Change Dir: /home/dhinesh/Downloads/cpp-boilerplate/build/CMakeFiles/CMakeTmp

Run Build Command(s):/usr/bin/make cmTC_0ef1f/fast && /usr/bin/make -f CMakeFiles/cmTC_0ef1f.dir/build.make CMakeFiles/cmTC_0ef1f.dir/build
make[1]: Entering directory '/home/dhinesh/Downloads/cpp-boilerplate/build/CMakeFiles/CMakeTmp'
Building C object CMakeFiles/cmTC_0ef1f.dir/CheckFunctionExists.c.o
/usr/bin/cc   -DCHECK_FUNCTION_EXISTS=pthread_create   -o CMakeFiles/cmTC_0ef1f.dir/CheckFunctionExists.c.o   -c /usr/share/cmake-3.16/Modules/CheckFunctionExists.c
Linking C executable cmTC_0ef1f
/usr/bin/cmake -E cmake_link_script CMakeFiles/cmTC_0ef1f.dir/link.txt --verbose=1
/usr/bin/cc  -DCHECK_FUNCTION_EXISTS=pthread_create    -rdynamic CMakeFiles/cmTC_0ef1f.dir/CheckFunctionExists.c.o  -o cmTC_0ef1f  -lpthreads 
/usr/bin/ld: cannot find -lpthreads
collect2: error: ld returned 1 exit status
make[1]: *** [CMakeFiles/cmTC_0ef1f.dir/build.make:87: cmTC_0ef1f] Error 1
make[1]: Leaving directory '/home/dhinesh/Downloads/cpp-boilerplate/build/CMakeFiles/CMakeTmp'
make: *** [Makefile:121: cmTC_0ef1f/fast] Error 2



Performing C SOURCE FILE Test CMAKE_HAVE_LIBC_PTHREAD failed with the following output:
Change Dir: /home/dhinesh/Downloads/cpp-boilerplate/build/CMakeFiles/CMakeTmp

Run Build Command(s):/usr/bin/make cmTC_69bfe/fast && /usr/bin/make -f CMakeFiles/cmTC_69bfe.dir/build.make CMakeFiles/cmTC_69bfe.dir/build
make[1]: Entering directory '/home/dhinesh/Downloads/cpp-boilerplate/build/CMakeFiles/CMakeTmp'
Building C object CMakeFiles/cmTC_69bfe.dir/src.c.o
/usr/bin/cc   -DCMAKE_HAVE_LIBC_PTHREAD   -o CMakeFiles/cmTC_69bfe.dir/src.c.o   -c /home/dhinesh/Downloads/cpp-boilerplate/build/CMakeFiles/CMakeTmp/src.c
Linking C executable cmTC_69bfe
/usr/bin/cmake -E cmake_link_script CMakeFiles/cmTC_69bfe.dir/link.txt --verbose=1
/usr/bin/cc  -DCMAKE_HAVE_LIBC_PTHREAD    -rdynamic CMakeFiles/cmTC_69bfe.dir/src.c.o  -o cmTC_69bfe 
/usr/bin/ld: CMakeFiles/cmTC_69bfe.dir/src.c.o: in function `main':
src.c:(.text+0x46): undefined reference to `pthread_create'
/usr/bin/ld: src.c:(.text+0x52): undefined reference to `pthread_detach'
/usr/bin/ld: src.c:(.text+0x63): undefined reference to `pthread_join'
collect2: error: ld returned 1 exit status
make[1]: *** [CMakeFiles/cmTC_69bfe.dir/build.make:87: cmTC_69bfe] Error 1
make[1]: Leaving directory '/home/dhinesh/Downloads/cpp-boilerplate/build/CMakeFiles/CMakeTmp'
make: *** [Makefile:121: cmTC_69bfe/fast] Error 2


Source file was:
#include <pthread.h>

void* test_func(void* data)
{
  return data;
}

int main(void)
{
  pthread_t thread;
  pthread_create(&thread, NULL, test_func, NULL);
  pthread_detach(thread);
  pthread_join(thread, NULL);
  pthread_atfork(NULL, NULL, NULL);
  pthread_exit(NULL);

  return 0;
}

Determining if the function pthread_create exists in the pthreads failed with the following output:
Change Dir: /home/dhinesh/Downloads/cpp-boilerplate/build/CMakeFiles/CMakeTmp

Run Build Command(s):/usr/bin/make cmTC_8880d/fast && /usr/bin/make -f CMakeFiles/cmTC_8880d.dir/build.make CMakeFiles/cmTC_8880d.dir/build
make[1]: Entering directory '/home/dhinesh/Downloads/cpp-boilerplate/build/CMakeFiles/CMakeTmp'
Building C object CMakeFiles/cmTC_8880d.dir/CheckFunctionExists.c.o
/usr/bin/cc   -DCHECK_FUNCTION_EXISTS=pthread_create   -o CMakeFiles/cmTC_8880d.dir/CheckFunctionExists.c.o   -c /usr/share/cmake-3.16/Modules/CheckFunctionExists.c
Linking C executable cmTC_8880d
/usr/bin/cmake -E cmake_link_script CMakeFiles/cmTC_8880d.dir/link.txt --verbose=1
/usr/bin/cc  -DCHECK_FUNCTION_EXISTS=pthread_create    -rdynamic CMakeFiles/cmTC_8880d.dir/CheckFunctionExists.c.o  -o cmTC_8880d  -lpthreads 
/usr/bin/ld: cannot find -lpthreads
collect2: error: ld returned 1 exit status
make[1]: *** [CMakeFiles/cmTC_8880d.dir/build.make:87: cmTC_8880d] Error 1
make[1]: Leaving directory '/home/dhinesh/Downloads/cpp-boilerplate/build/CMakeFiles/CMakeTmp'
make: *** [Makefile:121: cmTC_8880d/fast] Error 2



Performing C SOURCE FILE Test CMAKE_HAVE_LIBC_PTHREAD failed with the following output:
Change Dir: /home/dhinesh/Downloads/cpp-boilerplate/build/CMakeFiles/CMakeTmp

Run Build Command(s):/usr/bin/make cmTC_f2f97/fast && /usr/bin/make -f CMakeFiles/cmTC_f2f97.dir/build.make CMakeFiles/cmTC_f2f97.dir/build
make[1]: Entering directory '/home/dhinesh/Downloads/cpp-boilerplate/build/CMakeFiles/CMakeTmp'
Building C object CMakeFiles/cmTC_f2f97.dir/src.c.o
/usr/bin/cc   -DCMAKE_HAVE_LIBC_PTHREAD   -o CMakeFiles/cmTC_f2f97.dir/src.c.o   -c /home/dhinesh/Downloads/cpp-boilerplate/build/CMakeFiles/CMakeTmp/src.c
Linking C executable cmTC_f2f97
/usr/bin/cmake -E cmake_link_script CMakeFiles/cmTC_f2f97.dir/link.txt --verbose=1
/usr/bin/cc  -DCMAKE_HAVE_LIBC_PTHREAD    -rdynamic CMakeFiles/cmTC_f2f97.dir/src.c.o  -o cmTC_f2f97 
/usr/bin/ld: CMakeFiles/cmTC_f2f97.dir/src.c.o: in function `main':
src.c:(.text+0x46): undefined reference to `pthread_create'
/usr/bin/ld: src.c:(.text+0x52): undefined reference to `pthread_detach'
/usr/bin/ld: src.c:(.text+0x63): undefined reference to `pthread_join'
collect2: error: ld returned 1 exit status
make[1]: *** [CMakeFiles/cmTC_f2f97.dir/build.make:87: cmTC_f2f97] Error 1
make[1]: Leaving directory '/home/dhinesh/Downloads/cpp-boilerplate/build/CMakeFiles/CMakeTmp'
make: *** [Makefile:121: cmTC_f2f97/fast] Error 2


Source file was:
#include <pthread.h>

void* test_func(void* data)
{
  return data;
}

int main(void)
{
  pthread_t thread;
  pthread_create(&thread, NULL, test_func, NULL);
  pthread_detach(thread);
  pthread_join(thread, NULL);
  pthread_atfork(NULL, NULL, NULL);
  pthread_exit(NULL);

  return 0;
}

Determining if the function pthread_create exists in the pthreads failed with the following output:
Change Dir: /home/dhinesh/Downloads/cpp-boilerplate/build/CMakeFiles/CMakeTmp

Run Build Command(s):/usr/bin/make cmTC_e1407/fast && /usr/bin/make -f CMakeFiles/cmTC_e1407.dir/build.make CMakeFiles/cmTC_e1407.dir/build
make[1]: Entering directory '/home/dhinesh/Downloads/cpp-boilerplate/build/CMakeFiles/CMakeTmp'
Building C object CMakeFiles/cmTC_e1407.dir/CheckFunctionExists.c.o
/usr/bin/cc   -DCHECK_FUNCTION_EXISTS=pthread_create   -o CMakeFiles/cmTC_e1407.dir/CheckFunctionExists.c.o   -c /usr/share/cmake-3.16/Modules/CheckFunctionExists.c
Linking C executable cmTC_e1407
/usr/bin/cmake -E cmake_link_script CMakeFiles/cmTC_e1407.dir/link.txt --verbose=1
/usr/bin/cc  -DCHECK_FUNCTION_EXISTS=pthread_create    -rdynamic CMakeFiles/cmTC_e1407.dir/CheckFunctionExists.c.o  -o cmTC_e1407  -lpthreads 
/usr/bin/ld: cannot find -lpthreads
collect2: error: ld returned 1 exit status
make[1]: *** [CMakeFiles/cmTC_e1407.dir/build.make:87: cmTC_e1407] Error 1
make[1]: Leaving directory '/home/dhinesh/Downloads/cpp-boilerplate/build/CMakeFiles/CMakeTmp'
make: *** [Makefile:121: cmTC_e1407/fast] Error 2



Performing C SOURCE FILE Test CMAKE_HAVE_LIBC_PTHREAD failed with the following output:
Change Dir: /home/dhinesh/Downloads/cpp-boilerplate/build/CMakeFiles/CMakeTmp

Run Build Command(s):/usr/bin/make cmTC_d3022/fast && /usr/bin/make -f CMakeFiles/cmTC_d3022.dir/build.make CMakeFiles/cmTC_d3022.dir/build
make[1]: Entering directory '/home/dhinesh/Downloads/cpp-boilerplate/build/CMakeFiles/CMakeTmp'
Building C object CMakeFiles/cmTC_d3022.dir/src.c.o
/usr/bin/cc   -DCMAKE_HAVE_LIBC_PTHREAD   -o CMakeFiles/cmTC_d3022.dir/src.c.o   -c /home/dhinesh/Downloads/cpp-boilerplate/build/CMakeFiles/CMakeTmp/src.c
Linking C executable cmTC_d3022
/usr/bin/cmake -E cmake_link_script CMakeFiles/cmTC_d3022.dir/link.txt --verbose=1
/usr/bin/cc  -DCMAKE_HAVE_LIBC_PTHREAD    -rdynamic CMakeFiles/cmTC_d3022.dir/src.c.o  -o cmTC_d3022 
/usr/bin/ld: CMakeFiles/cmTC_d3022.dir/src.c.o: in function `main':
src.c:(.text+0x46): undefined reference to `pthread_create'
/usr/bin/ld: src.c:(.text+0x52): undefined reference to `pthread_detach'
/usr/bin/ld: src.c:(.text+0x63): undefined reference to `pthread_join'
collect2: error: ld returned 1 exit status
make[1]: *** [CMakeFiles/cmTC_d3022.dir/build.make:87: cmTC_d3022] Error 1
make[1]: Leaving directory '/home/dhinesh/Downloads/cpp-boilerplate/build/CMakeFiles/CMakeTmp'
make: *** [Makefile:121: cmTC_d3022/fast] Error 2


Source file was:
#include <pthread.h>

void* test_func(void* data)
{
  return data;
}

int main(void)
{
  pthread_t thread;
  pthread_create(&thread, NULL, test_func, NULL);
  pthread_detach(thread);
  pthread_join(thread, NULL);
  pthread_atfork(NULL, NULL, NULL);
  pthread_exit(NULL);

  return 0;
}

Determining if the function pthread_create exists in the pthreads failed with the following output:
Change Dir: /home/dhinesh/Downloads/cpp-boilerplate/build/CMakeFiles/CMakeTmp

Run Build Command(s):/usr/bin/make cmTC_fdd61/fast && /usr/bin/make -f CMakeFiles/cmTC_fdd61.dir/build.make CMakeFiles/cmTC_fdd61.dir/build
make[1]: Entering directory '/home/dhinesh/Downloads/cpp-boilerplate/build/CMakeFiles/CMakeTmp'
Building C object CMakeFiles/cmTC_fdd61.dir/CheckFunctionExists.c.o
/usr/bin/cc   -DCHECK_FUNCTION_EXISTS=pthread_create   -o CMakeFiles/cmTC_fdd61.dir/CheckFunctionExists.c.o   -c /usr/share/cmake-3.16/Modules/CheckFunctionExists.c
Linking C executable cmTC_fdd61
/usr/bin/cmake -E cmake_link_script CMakeFiles/cmTC_fdd61.dir/link.txt --verbose=1
/usr/bin/cc  -DCHECK_FUNCTION_EXISTS=pthread_create    -rdynamic CMakeFiles/cmTC_fdd61.dir/CheckFunctionExists.c.o  -o cmTC_fdd61  -lpthreads 
/usr/bin/ld: cannot find -lpthreads
collect2: error: ld returned 1 exit status
make[1]: *** [CMakeFiles/cmTC_fdd61.dir/build.make:87: cmTC_fdd61] Error 1
make[1]: Leaving directory '/home/dhinesh/Downloads/cpp-boilerplate/build/CMakeFiles/CMakeTmp'
make: *** [Makefile:121: cmTC_fdd61/fast] Error 2



Performing C SOURCE FILE Test CMAKE_HAVE_LIBC_PTHREAD failed with the following output:
Change Dir: /home/dhinesh/Downloads/cpp-boilerplate/build/CMakeFiles/CMakeTmp

Run Build Command(s):/usr/bin/make cmTC_ce281/fast && /usr/bin/make -f CMakeFiles/cmTC_ce281.dir/build.make CMakeFiles/cmTC_ce281.dir/build
make[1]: Entering directory '/home/dhinesh/Downloads/cpp-boilerplate/build/CMakeFiles/CMakeTmp'
Building C object CMakeFiles/cmTC_ce281.dir/src.c.o
/usr/bin/cc   -DCMAKE_HAVE_LIBC_PTHREAD   -o CMakeFiles/cmTC_ce281.dir/src.c.o   -c /home/dhinesh/Downloads/cpp-boilerplate/build/CMakeFiles/CMakeTmp/src.c
Linking C executable cmTC_ce281
/usr/bin/cmake -E cmake_link_script CMakeFiles/cmTC_ce281.dir/link.txt --verbose=1
/usr/bin/cc  -DCMAKE_HAVE_LIBC_PTHREAD    -rdynamic CMakeFiles/cmTC_ce281.dir/src.c.o  -o cmTC_ce281 
/usr/bin/ld: CMakeFiles/cmTC_ce281.dir/src.c.o: in function `main':
src.c:(.text+0x46): undefined reference to `pthread_create'
/usr/bin/ld: src.c:(.text+0x52): undefined reference to `pthread_detach'
/usr/bin/ld: src.c:(.text+0x63): undefined reference to `pthread_join'
collect2: error: ld returned 1 exit status
make[1]: *** [CMakeFiles/cmTC_ce281.dir/build.make:87: cmTC_ce281] Error 1
make[1]: Leaving directory '/home/dhinesh/Downloads/cpp-boilerplate/build/CMakeFiles/CMakeTmp'
make: *** [Makefile:121: cmTC_ce281/fast] Error 2


Source file was:
#include <pthread.h>

void* test_func(void* data)
{
  return data;
}

int main(void)
{
  pthread_t thread;
  pthread_create(&thread, NULL, test_func, NULL);
  pthread_detach(thread);
  pthread_join(thread, NULL);
  pthread_atfork(NULL, NULL, NULL);
  pthread_exit(NULL);

  return 0;
}

Determining if the function pthread_create exists in the pthreads failed with the following output:
Change Dir: /home/dhinesh/Downloads/cpp-boilerplate/build/CMakeFiles/CMakeTmp

Run Build Command(s):/usr/bin/make cmTC_0f275/fast && /usr/bin/make -f CMakeFiles/cmTC_0f275.dir/build.make CMakeFiles/cmTC_0f275.dir/build
make[1]: Entering directory '/home/dhinesh/Downloads/cpp-boilerplate/build/CMakeFiles/CMakeTmp'
Building C object CMakeFiles/cmTC_0f275.dir/CheckFunctionExists.c.o
/usr/bin/cc   -DCHECK_FUNCTION_EXISTS=pthread_create   -o CMakeFiles/cmTC_0f275.dir/CheckFunctionExists.c.o   -c /usr/share/cmake-3.16/Modules/CheckFunctionExists.c
Linking C executable cmTC_0f275
/usr/bin/cmake -E cmake_link_script CMakeFiles/cmTC_0f275.dir/link.txt --verbose=1
/usr/bin/cc  -DCHECK_FUNCTION_EXISTS=pthread_create    -rdynamic CMakeFiles/cmTC_0f275.dir/CheckFunctionExists.c.o  -o cmTC_0f275  -lpthreads 
/usr/bin/ld: cannot find -lpthreads
collect2: error: ld returned 1 exit status
make[1]: *** [CMakeFiles/cmTC_0f275.dir/build.make:87: cmTC_0f275] Error 1
make[1]: Leaving directory '/home/dhinesh/Downloads/cpp-boilerplate/build/CMakeFiles/CMakeTmp'
make: *** [Makefile:121: cmTC_0f275/fast] Error 2



Performing C SOURCE FILE Test CMAKE_HAVE_LIBC_PTHREAD failed with the following output:
Change Dir: /home/dhinesh/Downloads/cpp-boilerplate/build/CMakeFiles/CMakeTmp

Run Build Command(s):/usr/bin/make cmTC_4ec95/fast && /usr/bin/make -f CMakeFiles/cmTC_4ec95.dir/build.make CMakeFiles/cmTC_4ec95.dir/build
make[1]: Entering directory '/home/dhinesh/Downloads/cpp-boilerplate/build/CMakeFiles/CMakeTmp'
Building C object CMakeFiles/cmTC_4ec95.dir/src.c.o
/usr/bin/cc   -DCMAKE_HAVE_LIBC_PTHREAD   -o CMakeFiles/cmTC_4ec95.dir/src.c.o   -c /home/dhinesh/Downloads/cpp-boilerplate/build/CMakeFiles/CMakeTmp/src.c
Linking C executable cmTC_4ec95
/usr/bin/cmake -E cmake_link_script CMakeFiles/cmTC_4ec95.dir/link.txt --verbose=1
/usr/bin/cc  -DCMAKE_HAVE_LIBC_PTHREAD    -rdynamic CMakeFiles/cmTC_4ec95.dir/src.c.o  -o cmTC_4ec95 
/usr/bin/ld: CMakeFiles/cmTC_4ec95.dir/src.c.o: in function `main':
src.c:(.text+0x46): undefined reference to `pthread_create'
/usr/bin/ld: src.c:(.text+0x52): undefined reference to `pthread_detach'
/usr/bin/ld: src.c:(.text+0x63): undefined reference to `pthread_join'
collect2: error: ld returned 1 exit status
make[1]: *** [CMakeFiles/cmTC_4ec95.dir/build.make:87: cmTC_4ec95] Error 1
make[1]: Leaving directory '/home/dhinesh/Downloads/cpp-boilerplate/build/CMakeFiles/CMakeTmp'
make: *** [Makefile:121: cmTC_4ec95/fast] Error 2


Source file was:
#include <pthread.h>

void* test_func(void* data)
{
  return data;
}

int main(void)
{
  pthread_t thread;
  pthread_create(&thread, NULL, test_func, NULL);
  pthread_detach(thread);
  pthread_join(thread, NULL);
  pthread_atfork(NULL, NULL, NULL);
  pthread_exit(NULL);

  return 0;
}

Determining if the function pthread_create exists in the pthreads failed with the following output:
Change Dir: /home/dhinesh/Downloads/cpp-boilerplate/build/CMakeFiles/CMakeTmp

Run Build Command(s):/usr/bin/make cmTC_a50fd/fast && /usr/bin/make -f CMakeFiles/cmTC_a50fd.dir/build.make CMakeFiles/cmTC_a50fd.dir/build
make[1]: Entering directory '/home/dhinesh/Downloads/cpp-boilerplate/build/CMakeFiles/CMakeTmp'
Building C object CMakeFiles/cmTC_a50fd.dir/CheckFunctionExists.c.o
/usr/bin/cc   -DCHECK_FUNCTION_EXISTS=pthread_create   -o CMakeFiles/cmTC_a50fd.dir/CheckFunctionExists.c.o   -c /usr/share/cmake-3.16/Modules/CheckFunctionExists.c
Linking C executable cmTC_a50fd
/usr/bin/cmake -E cmake_link_script CMakeFiles/cmTC_a50fd.dir/link.txt --verbose=1
/usr/bin/cc  -DCHECK_FUNCTION_EXISTS=pthread_create    -rdynamic CMakeFiles/cmTC_a50fd.dir/CheckFunctionExists.c.o  -o cmTC_a50fd  -lpthreads 
/usr/bin/ld: cannot find -lpthreads
collect2: error: ld returned 1 exit status
make[1]: *** [CMakeFiles/cmTC_a50fd.dir/build.make:87: cmTC_a50fd] Error 1
make[1]: Leaving directory '/home/dhinesh/Downloads/cpp-boilerplate/build/CMakeFiles/CMakeTmp'
make: *** [Makefile:121: cmTC_a50fd/fast] Error 2



Performing C SOURCE FILE Test CMAKE_HAVE_LIBC_PTHREAD failed with the following output:
Change Dir: /home/dhinesh/Downloads/cpp-boilerplate/build/CMakeFiles/CMakeTmp

Run Build Command(s):/usr/bin/make cmTC_fb1b6/fast && /usr/bin/make -f CMakeFiles/cmTC_fb1b6.dir/build.make CMakeFiles/cmTC_fb1b6.dir/build
make[1]: Entering directory '/home/dhinesh/Downloads/cpp-boilerplate/build/CMakeFiles/CMakeTmp'
Building C object CMakeFiles/cmTC_fb1b6.dir/src.c.o
/usr/bin/cc   -DCMAKE_HAVE_LIBC_PTHREAD   -o CMakeFiles/cmTC_fb1b6.dir/src.c.o   -c /home/dhinesh/Downloads/cpp-boilerplate/build/CMakeFiles/CMakeTmp/src.c
Linking C executable cmTC_fb1b6
/usr/bin/cmake -E cmake_link_script CMakeFiles/cmTC_fb1b6.dir/link.txt --verbose=1
/usr/bin/cc  -DCMAKE_HAVE_LIBC_PTHREAD    -rdynamic CMakeFiles/cmTC_fb1b6.dir/src.c.o  -o cmTC_fb1b6 
/usr/bin/ld: CMakeFiles/cmTC_fb1b6.dir/src.c.o: in function `main':
src.c:(.text+0x46): undefined reference to `pthread_create'
/usr/bin/ld: src.c:(.text+0x52): undefined reference to `pthread_detach'
/usr/bin/ld: src.c:(.text+0x63): undefined reference to `pthread_join'
collect2: error: ld returned 1 exit status
make[1]: *** [CMakeFiles/cmTC_fb1b6.dir/build.make:87: cmTC_fb1b6] Error 1
make[1]: Leaving directory '/home/dhinesh/Downloads/cpp-boilerplate/build/CMakeFiles/CMakeTmp'
make: *** [Makefile:121: cmTC_fb1b6/fast] Error 2


Source file was:
#include <pthread.h>

void* test_func(void* data)
{
  return data;
}

int main(void)
{
  pthread_t thread;
  pthread_create(&thread, NULL, test_func, NULL);
  pthread_detach(thread);
  pthread_join(thread, NULL);
  pthread_atfork(NULL, NULL, NULL);
  pthread_exit(NULL);

  return 0;
}

Determining if the function pthread_create exists in the pthreads failed with the following output:
Change Dir: /home/dhinesh/Downloads/cpp-boilerplate/build/CMakeFiles/CMakeTmp

Run Build Command(s):/usr/bin/make cmTC_7b8be/fast && /usr/bin/make -f CMakeFiles/cmTC_7b8be.dir/build.make CMakeFiles/cmTC_7b8be.dir/build
make[1]: Entering directory '/home/dhinesh/Downloads/cpp-boilerplate/build/CMakeFiles/CMakeTmp'
Building C object CMakeFiles/cmTC_7b8be.dir/CheckFunctionExists.c.o
/usr/bin/cc   -DCHECK_FUNCTION_EXISTS=pthread_create   -o CMakeFiles/cmTC_7b8be.dir/CheckFunctionExists.c.o   -c /usr/share/cmake-3.16/Modules/CheckFunctionExists.c
Linking C executable cmTC_7b8be
/usr/bin/cmake -E cmake_link_script CMakeFiles/cmTC_7b8be.dir/link.txt --verbose=1
/usr/bin/cc  -DCHECK_FUNCTION_EXISTS=pthread_create    -rdynamic CMakeFiles/cmTC_7b8be.dir/CheckFunctionExists.c.o  -o cmTC_7b8be  -lpthreads 
/usr/bin/ld: cannot find -lpthreads
collect2: error: ld returned 1 exit status
make[1]: *** [CMakeFiles/cmTC_7b8be.dir/build.make:87: cmTC_7b8be] Error 1
make[1]: Leaving directory '/home/dhinesh/Downloads/cpp-boilerplate/build/CMakeFiles/CMakeTmp'
make: *** [Makefile:121: cmTC_7b8be/fast] Error 2



Performing C SOURCE FILE Test CMAKE_HAVE_LIBC_PTHREAD failed with the following output:
Change Dir: /home/dhinesh/Downloads/cpp-boilerplate/build/CMakeFiles/CMakeTmp

Run Build Command(s):/usr/bin/make cmTC_6ff87/fast && /usr/bin/make -f CMakeFiles/cmTC_6ff87.dir/build.make CMakeFiles/cmTC_6ff87.dir/build
make[1]: Entering directory '/home/dhinesh/Downloads/cpp-boilerplate/build/CMakeFiles/CMakeTmp'
Building C object CMakeFiles/cmTC_6ff87.dir/src.c.o
/usr/bin/cc   -DCMAKE_HAVE_LIBC_PTHREAD   -o CMakeFiles/cmTC_6ff87.dir/src.c.o   -c /home/dhinesh/Downloads/cpp-boilerplate/build/CMakeFiles/CMakeTmp/src.c
Linking C executable cmTC_6ff87
/usr/bin/cmake -E cmake_link_script CMakeFiles/cmTC_6ff87.dir/link.txt --verbose=1
/usr/bin/cc  -DCMAKE_HAVE_LIBC_PTHREAD    -rdynamic CMakeFiles/cmTC_6ff87.dir/src.c.o  -o cmTC_6ff87 
/usr/bin/ld: CMakeFiles/cmTC_6ff87.dir/src.c.o: in function `main':
src.c:(.text+0x46): undefined reference to `pthread_create'
/usr/bin/ld: src.c:(.text+0x52): undefined reference to `pthread_detach'
/usr/bin/ld: src.c:(.text+0x63): undefined reference to `pthread_join'
collect2: error: ld returned 1 exit status
make[1]: *** [CMakeFiles/cmTC_6ff87.dir/build.make:87: cmTC_6ff87] Error 1
make[1]: Leaving directory '/home/dhinesh/Downloads/cpp-boilerplate/build/CMakeFiles/CMakeTmp'
make: *** [Makefile:121: cmTC_6ff87/fast] Error 2


Source file was:
#include <pthread.h>

void* test_func(void* data)
{
  return data;
}

int main(void)
{
  pthread_t thread;
  pthread_create(&thread, NULL, test_func, NULL);
  pthread_detach(thread);
  pthread_join(thread, NULL);
  pthread_atfork(NULL, NULL, NULL);
  pthread_exit(NULL);

  return 0;
}

Determining if the function pthread_create exists in the pthreads failed with the following output:
Change Dir: /home/dhinesh/Downloads/cpp-boilerplate/build/CMakeFiles/CMakeTmp

Run Build Command(s):/usr/bin/make cmTC_5174f/fast && /usr/bin/make -f CMakeFiles/cmTC_5174f.dir/build.make CMakeFiles/cmTC_5174f.dir/build
make[1]: Entering directory '/home/dhinesh/Downloads/cpp-boilerplate/build/CMakeFiles/CMakeTmp'
Building C object CMakeFiles/cmTC_5174f.dir/CheckFunctionExists.c.o
/usr/bin/cc   -DCHECK_FUNCTION_EXISTS=pthread_create   -o CMakeFiles/cmTC_5174f.dir/CheckFunctionExists.c.o   -c /usr/share/cmake-3.16/Modules/CheckFunctionExists.c
Linking C executable cmTC_5174f
/usr/bin/cmake -E cmake_link_script CMakeFiles/cmTC_5174f.dir/link.txt --verbose=1
/usr/bin/cc  -DCHECK_FUNCTION_EXISTS=pthread_create    -rdynamic CMakeFiles/cmTC_5174f.dir/CheckFunctionExists.c.o  -o cmTC_5174f  -lpthreads 
/usr/bin/ld: cannot find -lpthreads
collect2: error: ld returned 1 exit status
make[1]: *** [CMakeFiles/cmTC_5174f.dir/build.make:87: cmTC_5174f] Error 1
make[1]: Leaving directory '/home/dhinesh/Downloads/cpp-boilerplate/build/CMakeFiles/CMakeTmp'
make: *** [Makefile:121: cmTC_5174f/fast] Error 2



Performing C SOURCE FILE Test CMAKE_HAVE_LIBC_PTHREAD failed with the following output:
Change Dir: /home/dhinesh/Downloads/cpp-boilerplate/build/CMakeFiles/CMakeTmp

Run Build Command(s):/usr/bin/make cmTC_c99d5/fast && /usr/bin/make -f CMakeFiles/cmTC_c99d5.dir/build.make CMakeFiles/cmTC_c99d5.dir/build
make[1]: Entering directory '/home/dhinesh/Downloads/cpp-boilerplate/build/CMakeFiles/CMakeTmp'
Building C object CMakeFiles/cmTC_c99d5.dir/src.c.o
/usr/bin/cc   -DCMAKE_HAVE_LIBC_PTHREAD   -o CMakeFiles/cmTC_c99d5.dir/src.c.o   -c /home/dhinesh/Downloads/cpp-boilerplate/build/CMakeFiles/CMakeTmp/src.c
Linking C executable cmTC_c99d5
/usr/bin/cmake -E cmake_link_script CMakeFiles/cmTC_c99d5.dir/link.txt --verbose=1
/usr/bin/cc  -DCMAKE_HAVE_LIBC_PTHREAD    -rdynamic CMakeFiles/cmTC_c99d5.dir/src.c.o  -o cmTC_c99d5 
/usr/bin/ld: CMakeFiles/cmTC_c99d5.dir/src.c.o: in function `main':
src.c:(.text+0x46): undefined reference to `pthread_create'
/usr/bin/ld: src.c:(.text+0x52): undefined reference to `pthread_detach'
/usr/bin/ld: src.c:(.text+0x63): undefined reference to `pthread_join'
collect2: error: ld returned 1 exit status
make[1]: *** [CMakeFiles/cmTC_c99d5.dir/build.make:87: cmTC_c99d5] Error 1
make[1]: Leaving directory '/home/dhinesh/Downloads/cpp-boilerplate/build/CMakeFiles/CMakeTmp'
make: *** [Makefile:121: cmTC_c99d5/fast] Error 2


Source file was:
#include <pthread.h>

void* test_func(void* data)
{
  return data;
}

int main(void)
{
  pthread_t thread;
  pthread_create(&thread, NULL, test_func, NULL);
  pthread_detach(thread);
  pthread_join(thread, NULL);
  pthread_atfork(NULL, NULL, NULL);
  pthread_exit(NULL);

  return 0;
}

Determining if the function pthread_create exists in the pthreads failed with the following output:
Change Dir: /home/dhinesh/Downloads/cpp-boilerplate/build/CMakeFiles/CMakeTmp

Run Build Command(s):/usr/bin/make cmTC_39d36/fast && /usr/bin/make -f CMakeFiles/cmTC_39d36.dir/build.make CMakeFiles/cmTC_39d36.dir/build
make[1]: Entering directory '/home/dhinesh/Downloads/cpp-boilerplate/build/CMakeFiles/CMakeTmp'
Building C object CMakeFiles/cmTC_39d36.dir/CheckFunctionExists.c.o
/usr/bin/cc   -DCHECK_FUNCTION_EXISTS=pthread_create   -o CMakeFiles/cmTC_39d36.dir/CheckFunctionExists.c.o   -c /usr/share/cmake-3.16/Modules/CheckFunctionExists.c
Linking C executable cmTC_39d36
/usr/bin/cmake -E cmake_link_script CMakeFiles/cmTC_39d36.dir/link.txt --verbose=1
/usr/bin/cc  -DCHECK_FUNCTION_EXISTS=pthread_create    -rdynamic CMakeFiles/cmTC_39d36.dir/CheckFunctionExists.c.o  -o cmTC_39d36  -lpthreads 
/usr/bin/ld: cannot find -lpthreads
collect2: error: ld returned 1 exit status
make[1]: *** [CMakeFiles/cmTC_39d36.dir/build.make:87: cmTC_39d36] Error 1
make[1]: Leaving directory '/home/dhinesh/Downloads/cpp-boilerplate/build/CMakeFiles/CMakeTmp'
make: *** [Makefile:121: cmTC_39d36/fast] Error 2



Performing C SOURCE FILE Test CMAKE_HAVE_LIBC_PTHREAD failed with the following output:
Change Dir: /home/dhinesh/Downloads/cpp-boilerplate/build/CMakeFiles/CMakeTmp

Run Build Command(s):/usr/bin/make cmTC_b1ada/fast && /usr/bin/make -f CMakeFiles/cmTC_b1ada.dir/build.make CMakeFiles/cmTC_b1ada.dir/build
make[1]: Entering directory '/home/dhinesh/Downloads/cpp-boilerplate/build/CMakeFiles/CMakeTmp'
Building C object CMakeFiles/cmTC_b1ada.dir/src.c.o
/usr/bin/cc   -DCMAKE_HAVE_LIBC_PTHREAD   -o CMakeFiles/cmTC_b1ada.dir/src.c.o   -c /home/dhinesh/Downloads/cpp-boilerplate/build/CMakeFiles/CMakeTmp/src.c
Linking C executable cmTC_b1ada
/usr/bin/cmake -E cmake_link_script CMakeFiles/cmTC_b1ada.dir/link.txt --verbose=1
/usr/bin/cc  -DCMAKE_HAVE_LIBC_PTHREAD    -rdynamic CMakeFiles/cmTC_b1ada.dir/src.c.o  -o cmTC_b1ada 
/usr/bin/ld: CMakeFiles/cmTC_b1ada.dir/src.c.o: in function `main':
src.c:(.text+0x46): undefined reference to `pthread_create'
/usr/bin/ld: src.c:(.text+0x52): undefined reference to `pthread_detach'
/usr/bin/ld: src.c:(.text+0x63): undefined reference to `pthread_join'
collect2: error: ld returned 1 exit status
make[1]: *** [CMakeFiles/cmTC_b1ada.dir/build.make:87: cmTC_b1ada] Error 1
make[1]: Leaving directory '/home/dhinesh/Downloads/cpp-boilerplate/build/CMakeFiles/CMakeTmp'
make: *** [Makefile:121: cmTC_b1ada/fast] Error 2


Source file was:
#include <pthread.h>

void* test_func(void* data)
{
  return data;
}

int main(void)
{
  pthread_t thread;
  pthread_create(&thread, NULL, test_func, NULL);
  pthread_detach(thread);
  pthread_join(thread, NULL);
  pthread_atfork(NULL, NULL, NULL);
  pthread_exit(NULL);

  return 0;
}

Determining if the function pthread_create exists in the pthreads failed with the following output:
Change Dir: /home/dhinesh/Downloads/cpp-boilerplate/build/CMakeFiles/CMakeTmp

Run Build Command(s):/usr/bin/make cmTC_0e99e/fast && /usr/bin/make -f CMakeFiles/cmTC_0e99e.dir/build.make CMakeFiles/cmTC_0e99e.dir/build
make[1]: Entering directory '/home/dhinesh/Downloads/cpp-boilerplate/build/CMakeFiles/CMakeTmp'
Building C object CMakeFiles/cmTC_0e99e.dir/CheckFunctionExists.c.o
/usr/bin/cc   -DCHECK_FUNCTION_EXISTS=pthread_create   -o CMakeFiles/cmTC_0e99e.dir/CheckFunctionExists.c.o   -c /usr/share/cmake-3.16/Modules/CheckFunctionExists.c
Linking C executable cmTC_0e99e
/usr/bin/cmake -E cmake_link_script CMakeFiles/cmTC_0e99e.dir/link.txt --verbose=1
/usr/bin/cc  -DCHECK_FUNCTION_EXISTS=pthread_create    -rdynamic CMakeFiles/cmTC_0e99e.dir/CheckFunctionExists.c.o  -o cmTC_0e99e  -lpthreads 
/usr/bin/ld: cannot find -lpthreads
collect2: error: ld returned 1 exit status
make[1]: *** [CMakeFiles/cmTC_0e99e.dir/build.make:87: cmTC_0e99e] Error 1
make[1]: Leaving directory '/home/dhinesh/Downloads/cpp-boilerplate/build/CMakeFiles/CMakeTmp'
make: *** [Makefile:121: cmTC_0e99e/fast] Error 2



Performing C SOURCE FILE Test CMAKE_HAVE_LIBC_PTHREAD failed with the following output:
Change Dir: /home/dhinesh/Downloads/cpp-boilerplate/build/CMakeFiles/CMakeTmp

Run Build Command(s):/usr/bin/make cmTC_b581c/fast && /usr/bin/make -f CMakeFiles/cmTC_b581c.dir/build.make CMakeFiles/cmTC_b581c.dir/build
make[1]: Entering directory '/home/dhinesh/Downloads/cpp-boilerplate/build/CMakeFiles/CMakeTmp'
Building C object CMakeFiles/cmTC_b581c.dir/src.c.o
/usr/bin/cc   -DCMAKE_HAVE_LIBC_PTHREAD   -o CMakeFiles/cmTC_b581c.dir/src.c.o   -c /home/dhinesh/Downloads/cpp-boilerplate/build/CMakeFiles/CMakeTmp/src.c
Linking C executable cmTC_b581c
/usr/bin/cmake -E cmake_link_script CMakeFiles/cmTC_b581c.dir/link.txt --verbose=1
/usr/bin/cc  -DCMAKE_HAVE_LIBC_PTHREAD    -rdynamic CMakeFiles/cmTC_b581c.dir/src.c.o  -o cmTC_b581c 
/usr/bin/ld: CMakeFiles/cmTC_b581c.dir/src.c.o: in function `main':
src.c:(.text+0x46): undefined reference to `pthread_create'
/usr/bin/ld: src.c:(.text+0x52): undefined reference to `pthread_detach'
/usr/bin/ld: src.c:(.text+0x63): undefined reference to `pthread_join'
collect2: error: ld returned 1 exit status
make[1]: *** [CMakeFiles/cmTC_b581c.dir/build.make:87: cmTC_b581c] Error 1
make[1]: Leaving directory '/home/dhinesh/Downloads/cpp-boilerplate/build/CMakeFiles/CMakeTmp'
make: *** [Makefile:121: cmTC_b581c/fast] Error 2


Source file was:
#include <pthread.h>

void* test_func(void* data)
{
  return data;
}

int main(void)
{
  pthread_t thread;
  pthread_create(&thread, NULL, test_func, NULL);
  pthread_detach(thread);
  pthread_join(thread, NULL);
  pthread_atfork(NULL, NULL, NULL);
  pthread_exit(NULL);

  return 0;
}

Determining if the function pthread_create exists in the pthreads failed with the following output:
Change Dir: /home/dhinesh/Downloads/cpp-boilerplate/build/CMakeFiles/CMakeTmp

Run Build Command(s):/usr/bin/make cmTC_36906/fast && /usr/bin/make -f CMakeFiles/cmTC_36906.dir/build.make CMakeFiles/cmTC_36906.dir/build
make[1]: Entering directory '/home/dhinesh/Downloads/cpp-boilerplate/build/CMakeFiles/CMakeTmp'
Building C object CMakeFiles/cmTC_36906.dir/CheckFunctionExists.c.o
/usr/bin/cc   -DCHECK_FUNCTION_EXISTS=pthread_create   -o CMakeFiles/cmTC_36906.dir/CheckFunctionExists.c.o   -c /usr/share/cmake-3.16/Modules/CheckFunctionExists.c
Linking C executable cmTC_36906
/usr/bin/cmake -E cmake_link_script CMakeFiles/cmTC_36906.dir/link.txt --verbose=1
/usr/bin/cc  -DCHECK_FUNCTION_EXISTS=pthread_create    -rdynamic CMakeFiles/cmTC_36906.dir/CheckFunctionExists.c.o  -o cmTC_36906  -lpthreads 
/usr/bin/ld: cannot find -lpthreads
collect2: error: ld returned 1 exit status
make[1]: *** [CMakeFiles/cmTC_36906.dir/build.make:87: cmTC_36906] Error 1
make[1]: Leaving directory '/home/dhinesh/Downloads/cpp-boilerplate/build/CMakeFiles/CMakeTmp'
make: *** [Makefile:121: cmTC_36906/fast] Error 2



Performing C SOURCE FILE Test CMAKE_HAVE_LIBC_PTHREAD failed with the following output:
Change Dir: /home/dhinesh/Downloads/cpp-boilerplate/build/CMakeFiles/CMakeTmp

Run Build Command(s):/usr/bin/make cmTC_9f87a/fast && /usr/bin/make -f CMakeFiles/cmTC_9f87a.dir/build.make CMakeFiles/cmTC_9f87a.dir/build
make[1]: Entering directory '/home/dhinesh/Downloads/cpp-boilerplate/build/CMakeFiles/CMakeTmp'
Building C object CMakeFiles/cmTC_9f87a.dir/src.c.o
/usr/bin/cc   -DCMAKE_HAVE_LIBC_PTHREAD   -o CMakeFiles/cmTC_9f87a.dir/src.c.o   -c /home/dhinesh/Downloads/cpp-boilerplate/build/CMakeFiles/CMakeTmp/src.c
Linking C executable cmTC_9f87a
/usr/bin/cmake -E cmake_link_script CMakeFiles/cmTC_9f87a.dir/link.txt --verbose=1
/usr/bin/cc  -DCMAKE_HAVE_LIBC_PTHREAD    -rdynamic CMakeFiles/cmTC_9f87a.dir/src.c.o  -o cmTC_9f87a 
/usr/bin/ld: CMakeFiles/cmTC_9f87a.dir/src.c.o: in function `main':
src.c:(.text+0x46): undefined reference to `pthread_create'
/usr/bin/ld: src.c:(.text+0x52): undefined reference to `pthread_detach'
/usr/bin/ld: src.c:(.text+0x63): undefined reference to `pthread_join'
collect2: error: ld returned 1 exit status
make[1]: *** [CMakeFiles/cmTC_9f87a.dir/build.make:87: cmTC_9f87a] Error 1
make[1]: Leaving directory '/home/dhinesh/Downloads/cpp-boilerplate/build/CMakeFiles/CMakeTmp'
make: *** [Makefile:121: cmTC_9f87a/fast] Error 2


Source file was:
#include <pthread.h>

void* test_func(void* data)
{
  return data;
}

int main(void)
{
  pthread_t thread;
  pthread_create(&thread, NULL, test_func, NULL);
  pthread_detach(thread);
  pthread_join(thread, NULL);
  pthread_atfork(NULL, NULL, NULL);
  pthread_exit(NULL);

  return 0;
}

Determining if the function pthread_create exists in the pthreads failed with the following output:
Change Dir: /home/dhinesh/Downloads/cpp-boilerplate/build/CMakeFiles/CMakeTmp

Run Build Command(s):/usr/bin/make cmTC_85c06/fast && /usr/bin/make -f CMakeFiles/cmTC_85c06.dir/build.make CMakeFiles/cmTC_85c06.dir/build
make[1]: Entering directory '/home/dhinesh/Downloads/cpp-boilerplate/build/CMakeFiles/CMakeTmp'
Building C object CMakeFiles/cmTC_85c06.dir/CheckFunctionExists.c.o
/usr/bin/cc   -DCHECK_FUNCTION_EXISTS=pthread_create   -o CMakeFiles/cmTC_85c06.dir/CheckFunctionExists.c.o   -c /usr/share/cmake-3.16/Modules/CheckFunctionExists.c
Linking C executable cmTC_85c06
/usr/bin/cmake -E cmake_link_script CMakeFiles/cmTC_85c06.dir/link.txt --verbose=1
/usr/bin/cc  -DCHECK_FUNCTION_EXISTS=pthread_create    -rdynamic CMakeFiles/cmTC_85c06.dir/CheckFunctionExists.c.o  -o cmTC_85c06  -lpthreads 
/usr/bin/ld: cannot find -lpthreads
collect2: error: ld returned 1 exit status
make[1]: *** [CMakeFiles/cmTC_85c06.dir/build.make:87: cmTC_85c06] Error 1
make[1]: Leaving directory '/home/dhinesh/Downloads/cpp-boilerplate/build/CMakeFiles/CMakeTmp'
make: *** [Makefile:121: cmTC_85c06/fast] Error 2



Performing C SOURCE FILE Test CMAKE_HAVE_LIBC_PTHREAD failed with the following output:
Change Dir: /home/dhinesh/Downloads/cpp-boilerplate/build/CMakeFiles/CMakeTmp

Run Build Command(s):/usr/bin/make cmTC_66e13/fast && /usr/bin/make -f CMakeFiles/cmTC_66e13.dir/build.make CMakeFiles/cmTC_66e13.dir/build
make[1]: Entering directory '/home/dhinesh/Downloads/cpp-boilerplate/build/CMakeFiles/CMakeTmp'
Building C object CMakeFiles/cmTC_66e13.dir/src.c.o
/usr/bin/cc   -DCMAKE_HAVE_LIBC_PTHREAD   -o CMakeFiles/cmTC_66e13.dir/src.c.o   -c /home/dhinesh/Downloads/cpp-boilerplate/build/CMakeFiles/CMakeTmp/src.c
Linking C executable cmTC_66e13
/usr/bin/cmake -E cmake_link_script CMakeFiles/cmTC_66e13.dir/link.txt --verbose=1
/usr/bin/cc  -DCMAKE_HAVE_LIBC_PTHREAD    -rdynamic CMakeFiles/cmTC_66e13.dir/src.c.o  -o cmTC_66e13 
/usr/bin/ld: CMakeFiles/cmTC_66e13.dir/src.c.o: in function `main':
src.c:(.text+0x46): undefined reference to `pthread_create'
/usr/bin/ld: src.c:(.text+0x52): undefined reference to `pthread_detach'
/usr/bin/ld: src.c:(.text+0x63): undefined reference to `pthread_join'
collect2: error: ld returned 1 exit status
make[1]: *** [CMakeFiles/cmTC_66e13.dir/build.make:87: cmTC_66e13] Error 1
make[1]: Leaving directory '/home/dhinesh/Downloads/cpp-boilerplate/build/CMakeFiles/CMakeTmp'
make: *** [Makefile:121: cmTC_66e13/fast] Error 2


Source file was:
#include <pthread.h>

void* test_func(void* data)
{
  return data;
}

int main(void)
{
  pthread_t thread;
  pthread_create(&thread, NULL, test_func, NULL);
  pthread_detach(thread);
  pthread_join(thread, NULL);
  pthread_atfork(NULL, NULL, NULL);
  pthread_exit(NULL);

  return 0;
}

Determining if the function pthread_create exists in the pthreads failed with the following output:
Change Dir: /home/dhinesh/Downloads/cpp-boilerplate/build/CMakeFiles/CMakeTmp

Run Build Command(s):/usr/bin/make cmTC_ba9b7/fast && /usr/bin/make -f CMakeFiles/cmTC_ba9b7.dir/build.make CMakeFiles/cmTC_ba9b7.dir/build
make[1]: Entering directory '/home/dhinesh/Downloads/cpp-boilerplate/build/CMakeFiles/CMakeTmp'
Building C object CMakeFiles/cmTC_ba9b7.dir/CheckFunctionExists.c.o
/usr/bin/cc   -DCHECK_FUNCTION_EXISTS=pthread_create   -o CMakeFiles/cmTC_ba9b7.dir/CheckFunctionExists.c.o   -c /usr/share/cmake-3.16/Modules/CheckFunctionExists.c
Linking C executable cmTC_ba9b7
/usr/bin/cmake -E cmake_link_script CMakeFiles/cmTC_ba9b7.dir/link.txt --verbose=1
/usr/bin/cc  -DCHECK_FUNCTION_EXISTS=pthread_create    -rdynamic CMakeFiles/cmTC_ba9b7.dir/CheckFunctionExists.c.o  -o cmTC_ba9b7  -lpthreads 
/usr/bin/ld: cannot find -lpthreads
collect2: error: ld returned 1 exit status
make[1]: *** [CMakeFiles/cmTC_ba9b7.dir/build.make:87: cmTC_ba9b7] Error 1
make[1]: Leaving directory '/home/dhinesh/Downloads/cpp-boilerplate/build/CMakeFiles/CMakeTmp'
make: *** [Makefile:121: cmTC_ba9b7/fast] Error 2



Performing C SOURCE FILE Test CMAKE_HAVE_LIBC_PTHREAD failed with the following output:
Change Dir: /home/dhinesh/Downloads/cpp-boilerplate/build/CMakeFiles/CMakeTmp

Run Build Command(s):/usr/bin/make cmTC_bcfca/fast && /usr/bin/make -f CMakeFiles/cmTC_bcfca.dir/build.make CMakeFiles/cmTC_bcfca.dir/build
make[1]: Entering directory '/home/dhinesh/Downloads/cpp-boilerplate/build/CMakeFiles/CMakeTmp'
Building C object CMakeFiles/cmTC_bcfca.dir/src.c.o
/usr/bin/cc   -DCMAKE_HAVE_LIBC_PTHREAD   -o CMakeFiles/cmTC_bcfca.dir/src.c.o   -c /home/dhinesh/Downloads/cpp-boilerplate/build/CMakeFiles/CMakeTmp/src.c
Linking C executable cmTC_bcfca
/usr/bin/cmake -E cmake_link_script CMakeFiles/cmTC_bcfca.dir/link.txt --verbose=1
/usr/bin/cc  -DCMAKE_HAVE_LIBC_PTHREAD    -rdynamic CMakeFiles/cmTC_bcfca.dir/src.c.o  -o cmTC_bcfca 
/usr/bin/ld: CMakeFiles/cmTC_bcfca.dir/src.c.o: in function `main':
src.c:(.text+0x46): undefined reference to `pthread_create'
/usr/bin/ld: src.c:(.text+0x52): undefined reference to `pthread_detach'
/usr/bin/ld: src.c:(.text+0x63): undefined reference to `pthread_join'
collect2: error: ld returned 1 exit status
make[1]: *** [CMakeFiles/cmTC_bcfca.dir/build.make:87: cmTC_bcfca] Error 1
make[1]: Leaving directory '/home/dhinesh/Downloads/cpp-boilerplate/build/CMakeFiles/CMakeTmp'
make: *** [Makefile:121: cmTC_bcfca/fast] Error 2


Source file was:
#include <pthread.h>

void* test_func(void* data)
{
  return data;
}

int main(void)
{
  pthread_t thread;
  pthread_create(&thread, NULL, test_func, NULL);
  pthread_detach(thread);
  pthread_join(thread, NULL);
  pthread_atfork(NULL, NULL, NULL);
  pthread_exit(NULL);

  return 0;
}

Determining if the function pthread_create exists in the pthreads failed with the following output:
Change Dir: /home/dhinesh/Downloads/cpp-boilerplate/build/CMakeFiles/CMakeTmp

Run Build Command(s):/usr/bin/make cmTC_05c28/fast && /usr/bin/make -f CMakeFiles/cmTC_05c28.dir/build.make CMakeFiles/cmTC_05c28.dir/build
make[1]: Entering directory '/home/dhinesh/Downloads/cpp-boilerplate/build/CMakeFiles/CMakeTmp'
Building C object CMakeFiles/cmTC_05c28.dir/CheckFunctionExists.c.o
/usr/bin/cc   -DCHECK_FUNCTION_EXISTS=pthread_create   -o CMakeFiles/cmTC_05c28.dir/CheckFunctionExists.c.o   -c /usr/share/cmake-3.16/Modules/CheckFunctionExists.c
Linking C executable cmTC_05c28
/usr/bin/cmake -E cmake_link_script CMakeFiles/cmTC_05c28.dir/link.txt --verbose=1
/usr/bin/cc  -DCHECK_FUNCTION_EXISTS=pthread_create    -rdynamic CMakeFiles/cmTC_05c28.dir/CheckFunctionExists.c.o  -o cmTC_05c28  -lpthreads 
/usr/bin/ld: cannot find -lpthreads
collect2: error: ld returned 1 exit status
make[1]: *** [CMakeFiles/cmTC_05c28.dir/build.make:87: cmTC_05c28] Error 1
make[1]: Leaving directory '/home/dhinesh/Downloads/cpp-boilerplate/build/CMakeFiles/CMakeTmp'
make: *** [Makefile:121: cmTC_05c28/fast] Error 2



Performing C SOURCE FILE Test CMAKE_HAVE_LIBC_PTHREAD failed with the following output:
Change Dir: /home/dhinesh/Downloads/cpp-boilerplate/build/CMakeFiles/CMakeTmp

Run Build Command(s):/usr/bin/make cmTC_3afb7/fast && /usr/bin/make -f CMakeFiles/cmTC_3afb7.dir/build.make CMakeFiles/cmTC_3afb7.dir/build
make[1]: Entering directory '/home/dhinesh/Downloads/cpp-boilerplate/build/CMakeFiles/CMakeTmp'
Building C object CMakeFiles/cmTC_3afb7.dir/src.c.o
/usr/bin/cc   -DCMAKE_HAVE_LIBC_PTHREAD   -o CMakeFiles/cmTC_3afb7.dir/src.c.o   -c /home/dhinesh/Downloads/cpp-boilerplate/build/CMakeFiles/CMakeTmp/src.c
Linking C executable cmTC_3afb7
/usr/bin/cmake -E cmake_link_script CMakeFiles/cmTC_3afb7.dir/link.txt --verbose=1
/usr/bin/cc  -DCMAKE_HAVE_LIBC_PTHREAD    -rdynamic CMakeFiles/cmTC_3afb7.dir/src.c.o  -o cmTC_3afb7 
/usr/bin/ld: CMakeFiles/cmTC_3afb7.dir/src.c.o: in function `main':
src.c:(.text+0x46): undefined reference to `pthread_create'
/usr/bin/ld: src.c:(.text+0x52): undefined reference to `pthread_detach'
/usr/bin/ld: src.c:(.text+0x63): undefined reference to `pthread_join'
collect2: error: ld returned 1 exit status
make[1]: *** [CMakeFiles/cmTC_3afb7.dir/build.make:87: cmTC_3afb7] Error 1
make[1]: Leaving directory '/home/dhinesh/Downloads/cpp-boilerplate/build/CMakeFiles/CMakeTmp'
make: *** [Makefile:121: cmTC_3afb7/fast] Error 2


Source file was:
#include <pthread.h>

void* test_func(void* data)
{
  return data;
}

int main(void)
{
  pthread_t thread;
  pthread_create(&thread, NULL, test_func, NULL);
  pthread_detach(thread);
  pthread_join(thread, NULL);
  pthread_atfork(NULL, NULL, NULL);
  pthread_exit(NULL);

  return 0;
}

Determining if the function pthread_create exists in the pthreads failed with the following output:
Change Dir: /home/dhinesh/Downloads/cpp-boilerplate/build/CMakeFiles/CMakeTmp

Run Build Command(s):/usr/bin/make cmTC_a0103/fast && /usr/bin/make -f CMakeFiles/cmTC_a0103.dir/build.make CMakeFiles/cmTC_a0103.dir/build
make[1]: Entering directory '/home/dhinesh/Downloads/cpp-boilerplate/build/CMakeFiles/CMakeTmp'
Building C object CMakeFiles/cmTC_a0103.dir/CheckFunctionExists.c.o
/usr/bin/cc   -DCHECK_FUNCTION_EXISTS=pthread_create   -o CMakeFiles/cmTC_a0103.dir/CheckFunctionExists.c.o   -c /usr/share/cmake-3.16/Modules/CheckFunctionExists.c
Linking C executable cmTC_a0103
/usr/bin/cmake -E cmake_link_script CMakeFiles/cmTC_a0103.dir/link.txt --verbose=1
/usr/bin/cc  -DCHECK_FUNCTION_EXISTS=pthread_create    -rdynamic CMakeFiles/cmTC_a0103.dir/CheckFunctionExists.c.o  -o cmTC_a0103  -lpthreads 
/usr/bin/ld: cannot find -lpthreads
collect2: error: ld returned 1 exit status
make[1]: *** [CMakeFiles/cmTC_a0103.dir/build.make:87: cmTC_a0103] Error 1
make[1]: Leaving directory '/home/dhinesh/Downloads/cpp-boilerplate/build/CMakeFiles/CMakeTmp'
make: *** [Makefile:121: cmTC_a0103/fast] Error 2



Performing C SOURCE FILE Test CMAKE_HAVE_LIBC_PTHREAD failed with the following output:
Change Dir: /home/dhinesh/Downloads/cpp-boilerplate/build/CMakeFiles/CMakeTmp

Run Build Command(s):/usr/bin/make cmTC_ed13f/fast && /usr/bin/make -f CMakeFiles/cmTC_ed13f.dir/build.make CMakeFiles/cmTC_ed13f.dir/build
make[1]: Entering directory '/home/dhinesh/Downloads/cpp-boilerplate/build/CMakeFiles/CMakeTmp'
Building C object CMakeFiles/cmTC_ed13f.dir/src.c.o
/usr/bin/cc   -DCMAKE_HAVE_LIBC_PTHREAD   -o CMakeFiles/cmTC_ed13f.dir/src.c.o   -c /home/dhinesh/Downloads/cpp-boilerplate/build/CMakeFiles/CMakeTmp/src.c
Linking C executable cmTC_ed13f
/usr/bin/cmake -E cmake_link_script CMakeFiles/cmTC_ed13f.dir/link.txt --verbose=1
/usr/bin/cc  -DCMAKE_HAVE_LIBC_PTHREAD    -rdynamic CMakeFiles/cmTC_ed13f.dir/src.c.o  -o cmTC_ed13f 
/usr/bin/ld: CMakeFiles/cmTC_ed13f.dir/src.c.o: in function `main':
src.c:(.text+0x46): undefined reference to `pthread_create'
/usr/bin/ld: src.c:(.text+0x52): undefined reference to `pthread_detach'
/usr/bin/ld: src.c:(.text+0x63): undefined reference to `pthread_join'
collect2: error: ld returned 1 exit status
make[1]: *** [CMakeFiles/cmTC_ed13f.dir/build.make:87: cmTC_ed13f] Error 1
make[1]: Leaving directory '/home/dhinesh/Downloads/cpp-boilerplate/build/CMakeFiles/CMakeTmp'
make: *** [Makefile:121: cmTC_ed13f/fast] Error 2


Source file was:
#include <pthread.h>

void* test_func(void* data)
{
  return data;
}

int main(void)
{
  pthread_t thread;
  pthread_create(&thread, NULL, test_func, NULL);
  pthread_detach(thread);
  pthread_join(thread, NULL);
  pthread_atfork(NULL, NULL, NULL);
  pthread_exit(NULL);

  return 0;
}

Determining if the function pthread_create exists in the pthreads failed with the following output:
Change Dir: /home/dhinesh/Downloads/cpp-boilerplate/build/CMakeFiles/CMakeTmp

Run Build Command(s):/usr/bin/make cmTC_074e1/fast && /usr/bin/make -f CMakeFiles/cmTC_074e1.dir/build.make CMakeFiles/cmTC_074e1.dir/build
make[1]: Entering directory '/home/dhinesh/Downloads/cpp-boilerplate/build/CMakeFiles/CMakeTmp'
Building C object CMakeFiles/cmTC_074e1.dir/CheckFunctionExists.c.o
/usr/bin/cc   -DCHECK_FUNCTION_EXISTS=pthread_create   -o CMakeFiles/cmTC_074e1.dir/CheckFunctionExists.c.o   -c /usr/share/cmake-3.16/Modules/CheckFunctionExists.c
Linking C executable cmTC_074e1
/usr/bin/cmake -E cmake_link_script CMakeFiles/cmTC_074e1.dir/link.txt --verbose=1
/usr/bin/cc  -DCHECK_FUNCTION_EXISTS=pthread_create    -rdynamic CMakeFiles/cmTC_074e1.dir/CheckFunctionExists.c.o  -o cmTC_074e1  -lpthreads 
/usr/bin/ld: cannot find -lpthreads
collect2: error: ld returned 1 exit status
make[1]: *** [CMakeFiles/cmTC_074e1.dir/build.make:87: cmTC_074e1] Error 1
make[1]: Leaving directory '/home/dhinesh/Downloads/cpp-boilerplate/build/CMakeFiles/CMakeTmp'
make: *** [Makefile:121: cmTC_074e1/fast] Error 2



Performing C SOURCE FILE Test CMAKE_HAVE_LIBC_PTHREAD failed with the following output:
Change Dir: /home/dhinesh/Downloads/cpp-boilerplate/build/CMakeFiles/CMakeTmp

Run Build Command(s):/usr/bin/make cmTC_52357/fast && /usr/bin/make -f CMakeFiles/cmTC_52357.dir/build.make CMakeFiles/cmTC_52357.dir/build
make[1]: Entering directory '/home/dhinesh/Downloads/cpp-boilerplate/build/CMakeFiles/CMakeTmp'
Building C object CMakeFiles/cmTC_52357.dir/src.c.o
/usr/bin/cc   -DCMAKE_HAVE_LIBC_PTHREAD   -o CMakeFiles/cmTC_52357.dir/src.c.o   -c /home/dhinesh/Downloads/cpp-boilerplate/build/CMakeFiles/CMakeTmp/src.c
Linking C executable cmTC_52357
/usr/bin/cmake -E cmake_link_script CMakeFiles/cmTC_52357.dir/link.txt --verbose=1
/usr/bin/cc  -DCMAKE_HAVE_LIBC_PTHREAD    -rdynamic CMakeFiles/cmTC_52357.dir/src.c.o  -o cmTC_52357 
/usr/bin/ld: CMakeFiles/cmTC_52357.dir/src.c.o: in function `main':
src.c:(.text+0x46): undefined reference to `pthread_create'
/usr/bin/ld: src.c:(.text+0x52): undefined reference to `pthread_detach'
/usr/bin/ld: src.c:(.text+0x63): undefined reference to `pthread_join'
collect2: error: ld returned 1 exit status
make[1]: *** [CMakeFiles/cmTC_52357.dir/build.make:87: cmTC_52357] Error 1
make[1]: Leaving directory '/home/dhinesh/Downloads/cpp-boilerplate/build/CMakeFiles/CMakeTmp'
make: *** [Makefile:121: cmTC_52357/fast] Error 2


Source file was:
#include <pthread.h>

void* test_func(void* data)
{
  return data;
}

int main(void)
{
  pthread_t thread;
  pthread_create(&thread, NULL, test_func, NULL);
  pthread_detach(thread);
  pthread_join(thread, NULL);
  pthread_atfork(NULL, NULL, NULL);
  pthread_exit(NULL);

  return 0;
}

Determining if the function pthread_create exists in the pthreads failed with the following output:
Change Dir: /home/dhinesh/Downloads/cpp-boilerplate/build/CMakeFiles/CMakeTmp

Run Build Command(s):/usr/bin/make cmTC_5f5ed/fast && /usr/bin/make -f CMakeFiles/cmTC_5f5ed.dir/build.make CMakeFiles/cmTC_5f5ed.dir/build
make[1]: Entering directory '/home/dhinesh/Downloads/cpp-boilerplate/build/CMakeFiles/CMakeTmp'
Building C object CMakeFiles/cmTC_5f5ed.dir/CheckFunctionExists.c.o
/usr/bin/cc   -DCHECK_FUNCTION_EXISTS=pthread_create   -o CMakeFiles/cmTC_5f5ed.dir/CheckFunctionExists.c.o   -c /usr/share/cmake-3.16/Modules/CheckFunctionExists.c
Linking C executable cmTC_5f5ed
/usr/bin/cmake -E cmake_link_script CMakeFiles/cmTC_5f5ed.dir/link.txt --verbose=1
/usr/bin/cc  -DCHECK_FUNCTION_EXISTS=pthread_create    -rdynamic CMakeFiles/cmTC_5f5ed.dir/CheckFunctionExists.c.o  -o cmTC_5f5ed  -lpthreads 
/usr/bin/ld: cannot find -lpthreads
collect2: error: ld returned 1 exit status
make[1]: *** [CMakeFiles/cmTC_5f5ed.dir/build.make:87: cmTC_5f5ed] Error 1
make[1]: Leaving directory '/home/dhinesh/Downloads/cpp-boilerplate/build/CMakeFiles/CMakeTmp'
make: *** [Makefile:121: cmTC_5f5ed/fast] Error 2



Performing C SOURCE FILE Test CMAKE_HAVE_LIBC_PTHREAD failed with the following output:
Change Dir: /home/dhinesh/Downloads/cpp-boilerplate/build/CMakeFiles/CMakeTmp

Run Build Command(s):/usr/bin/make cmTC_d581f/fast && /usr/bin/make -f CMakeFiles/cmTC_d581f.dir/build.make CMakeFiles/cmTC_d581f.dir/build
make[1]: Entering directory '/home/dhinesh/Downloads/cpp-boilerplate/build/CMakeFiles/CMakeTmp'
Building C object CMakeFiles/cmTC_d581f.dir/src.c.o
/usr/bin/cc   -DCMAKE_HAVE_LIBC_PTHREAD   -o CMakeFiles/cmTC_d581f.dir/src.c.o   -c /home/dhinesh/Downloads/cpp-boilerplate/build/CMakeFiles/CMakeTmp/src.c
Linking C executable cmTC_d581f
/usr/bin/cmake -E cmake_link_script CMakeFiles/cmTC_d581f.dir/link.txt --verbose=1
/usr/bin/cc  -DCMAKE_HAVE_LIBC_PTHREAD    -rdynamic CMakeFiles/cmTC_d581f.dir/src.c.o  -o cmTC_d581f 
/usr/bin/ld: CMakeFiles/cmTC_d581f.dir/src.c.o: in function `main':
src.c:(.text+0x46): undefined reference to `pthread_create'
/usr/bin/ld: src.c:(.text+0x52): undefined reference to `pthread_detach'
/usr/bin/ld: src.c:(.text+0x63): undefined reference to `pthread_join'
collect2: error: ld returned 1 exit status
make[1]: *** [CMakeFiles/cmTC_d581f.dir/build.make:87: cmTC_d581f] Error 1
make[1]: Leaving directory '/home/dhinesh/Downloads/cpp-boilerplate/build/CMakeFiles/CMakeTmp'
make: *** [Makefile:121: cmTC_d581f/fast] Error 2


Source file was:
#include <pthread.h>

void* test_func(void* data)
{
  return data;
}

int main(void)
{
  pthread_t thread;
  pthread_create(&thread, NULL, test_func, NULL);
  pthread_detach(thread);
  pthread_join(thread, NULL);
  pthread_atfork(NULL, NULL, NULL);
  pthread_exit(NULL);

  return 0;
}

Determining if the function pthread_create exists in the pthreads failed with the following output:
Change Dir: /home/dhinesh/Downloads/cpp-boilerplate/build/CMakeFiles/CMakeTmp

Run Build Command(s):/usr/bin/make cmTC_599dc/fast && /usr/bin/make -f CMakeFiles/cmTC_599dc.dir/build.make CMakeFiles/cmTC_599dc.dir/build
make[1]: Entering directory '/home/dhinesh/Downloads/cpp-boilerplate/build/CMakeFiles/CMakeTmp'
Building C object CMakeFiles/cmTC_599dc.dir/CheckFunctionExists.c.o
/usr/bin/cc   -DCHECK_FUNCTION_EXISTS=pthread_create   -o CMakeFiles/cmTC_599dc.dir/CheckFunctionExists.c.o   -c /usr/share/cmake-3.16/Modules/CheckFunctionExists.c
Linking C executable cmTC_599dc
/usr/bin/cmake -E cmake_link_script CMakeFiles/cmTC_599dc.dir/link.txt --verbose=1
/usr/bin/cc  -DCHECK_FUNCTION_EXISTS=pthread_create    -rdynamic CMakeFiles/cmTC_599dc.dir/CheckFunctionExists.c.o  -o cmTC_599dc  -lpthreads 
/usr/bin/ld: cannot find -lpthreads
collect2: error: ld returned 1 exit status
make[1]: *** [CMakeFiles/cmTC_599dc.dir/build.make:87: cmTC_599dc] Error 1
make[1]: Leaving directory '/home/dhinesh/Downloads/cpp-boilerplate/build/CMakeFiles/CMakeTmp'
make: *** [Makefile:121: cmTC_599dc/fast] Error 2



Performing C SOURCE FILE Test CMAKE_HAVE_LIBC_PTHREAD failed with the following output:
Change Dir: /home/dhinesh/Downloads/cpp-boilerplate/build/CMakeFiles/CMakeTmp

Run Build Command(s):/usr/bin/make cmTC_2af0a/fast && /usr/bin/make -f CMakeFiles/cmTC_2af0a.dir/build.make CMakeFiles/cmTC_2af0a.dir/build
make[1]: Entering directory '/home/dhinesh/Downloads/cpp-boilerplate/build/CMakeFiles/CMakeTmp'
Building C object CMakeFiles/cmTC_2af0a.dir/src.c.o
/usr/bin/cc   -DCMAKE_HAVE_LIBC_PTHREAD   -o CMakeFiles/cmTC_2af0a.dir/src.c.o   -c /home/dhinesh/Downloads/cpp-boilerplate/build/CMakeFiles/CMakeTmp/src.c
Linking C executable cmTC_2af0a
/usr/bin/cmake -E cmake_link_script CMakeFiles/cmTC_2af0a.dir/link.txt --verbose=1
/usr/bin/cc  -DCMAKE_HAVE_LIBC_PTHREAD    -rdynamic CMakeFiles/cmTC_2af0a.dir/src.c.o  -o cmTC_2af0a 
/usr/bin/ld: CMakeFiles/cmTC_2af0a.dir/src.c.o: in function `main':
src.c:(.text+0x46): undefined reference to `pthread_create'
/usr/bin/ld: src.c:(.text+0x52): undefined reference to `pthread_detach'
/usr/bin/ld: src.c:(.text+0x63): undefined reference to `pthread_join'
collect2: error: ld returned 1 exit status
make[1]: *** [CMakeFiles/cmTC_2af0a.dir/build.make:87: cmTC_2af0a] Error 1
make[1]: Leaving directory '/home/dhinesh/Downloads/cpp-boilerplate/build/CMakeFiles/CMakeTmp'
make: *** [Makefile:121: cmTC_2af0a/fast] Error 2


Source file was:
#include <pthread.h>

void* test_func(void* data)
{
  return data;
}

int main(void)
{
  pthread_t thread;
  pthread_create(&thread, NULL, test_func, NULL);
  pthread_detach(thread);
  pthread_join(thread, NULL);
  pthread_atfork(NULL, NULL, NULL);
  pthread_exit(NULL);

  return 0;
}

Determining if the function pthread_create exists in the pthreads failed with the following output:
Change Dir: /home/dhinesh/Downloads/cpp-boilerplate/build/CMakeFiles/CMakeTmp

Run Build Command(s):/usr/bin/make cmTC_46b80/fast && /usr/bin/make -f CMakeFiles/cmTC_46b80.dir/build.make CMakeFiles/cmTC_46b80.dir/build
make[1]: Entering directory '/home/dhinesh/Downloads/cpp-boilerplate/build/CMakeFiles/CMakeTmp'
Building C object CMakeFiles/cmTC_46b80.dir/CheckFunctionExists.c.o
/usr/bin/cc   -DCHECK_FUNCTION_EXISTS=pthread_create   -o CMakeFiles/cmTC_46b80.dir/CheckFunctionExists.c.o   -c /usr/share/cmake-3.16/Modules/CheckFunctionExists.c
Linking C executable cmTC_46b80
/usr/bin/cmake -E cmake_link_script CMakeFiles/cmTC_46b80.dir/link.txt --verbose=1
/usr/bin/cc  -DCHECK_FUNCTION_EXISTS=pthread_create    -rdynamic CMakeFiles/cmTC_46b80.dir/CheckFunctionExists.c.o  -o cmTC_46b80  -lpthreads 
/usr/bin/ld: cannot find -lpthreads
collect2: error: ld returned 1 exit status
make[1]: *** [CMakeFiles/cmTC_46b80.dir/build.make:87: cmTC_46b80] Error 1
make[1]: Leaving directory '/home/dhinesh/Downloads/cpp-boilerplate/build/CMakeFiles/CMakeTmp'
make: *** [Makefile:121: cmTC_46b80/fast] Error 2



Performing C SOURCE FILE Test CMAKE_HAVE_LIBC_PTHREAD failed with the following output:
Change Dir: /home/dhinesh/Downloads/cpp-boilerplate/build/CMakeFiles/CMakeTmp

Run Build Command(s):/usr/bin/make cmTC_88c19/fast && /usr/bin/make -f CMakeFiles/cmTC_88c19.dir/build.make CMakeFiles/cmTC_88c19.dir/build
make[1]: Entering directory '/home/dhinesh/Downloads/cpp-boilerplate/build/CMakeFiles/CMakeTmp'
Building C object CMakeFiles/cmTC_88c19.dir/src.c.o
/usr/bin/cc   -DCMAKE_HAVE_LIBC_PTHREAD   -o CMakeFiles/cmTC_88c19.dir/src.c.o   -c /home/dhinesh/Downloads/cpp-boilerplate/build/CMakeFiles/CMakeTmp/src.c
Linking C executable cmTC_88c19
/usr/bin/cmake -E cmake_link_script CMakeFiles/cmTC_88c19.dir/link.txt --verbose=1
/usr/bin/cc  -DCMAKE_HAVE_LIBC_PTHREAD    -rdynamic CMakeFiles/cmTC_88c19.dir/src.c.o  -o cmTC_88c19 
/usr/bin/ld: CMakeFiles/cmTC_88c19.dir/src.c.o: in function `main':
src.c:(.text+0x46): undefined reference to `pthread_create'
/usr/bin/ld: src.c:(.text+0x52): undefined reference to `pthread_detach'
/usr/bin/ld: src.c:(.text+0x63): undefined reference to `pthread_join'
collect2: error: ld returned 1 exit status
make[1]: *** [CMakeFiles/cmTC_88c19.dir/build.make:87: cmTC_88c19] Error 1
make[1]: Leaving directory '/home/dhinesh/Downloads/cpp-boilerplate/build/CMakeFiles/CMakeTmp'
make: *** [Makefile:121: cmTC_88c19/fast] Error 2


Source file was:
#include <pthread.h>

void* test_func(void* data)
{
  return data;
}

int main(void)
{
  pthread_t thread;
  pthread_create(&thread, NULL, test_func, NULL);
  pthread_detach(thread);
  pthread_join(thread, NULL);
  pthread_atfork(NULL, NULL, NULL);
  pthread_exit(NULL);

  return 0;
}

Determining if the function pthread_create exists in the pthreads failed with the following output:
Change Dir: /home/dhinesh/Downloads/cpp-boilerplate/build/CMakeFiles/CMakeTmp

Run Build Command(s):/usr/bin/make cmTC_a87e9/fast && /usr/bin/make -f CMakeFiles/cmTC_a87e9.dir/build.make CMakeFiles/cmTC_a87e9.dir/build
make[1]: Entering directory '/home/dhinesh/Downloads/cpp-boilerplate/build/CMakeFiles/CMakeTmp'
Building C object CMakeFiles/cmTC_a87e9.dir/CheckFunctionExists.c.o
/usr/bin/cc   -DCHECK_FUNCTION_EXISTS=pthread_create   -o CMakeFiles/cmTC_a87e9.dir/CheckFunctionExists.c.o   -c /usr/share/cmake-3.16/Modules/CheckFunctionExists.c
Linking C executable cmTC_a87e9
/usr/bin/cmake -E cmake_link_script CMakeFiles/cmTC_a87e9.dir/link.txt --verbose=1
/usr/bin/cc  -DCHECK_FUNCTION_EXISTS=pthread_create    -rdynamic CMakeFiles/cmTC_a87e9.dir/CheckFunctionExists.c.o  -o cmTC_a87e9  -lpthreads 
/usr/bin/ld: cannot find -lpthreads
collect2: error: ld returned 1 exit status
make[1]: *** [CMakeFiles/cmTC_a87e9.dir/build.make:87: cmTC_a87e9] Error 1
make[1]: Leaving directory '/home/dhinesh/Downloads/cpp-boilerplate/build/CMakeFiles/CMakeTmp'
make: *** [Makefile:121: cmTC_a87e9/fast] Error 2



Performing C SOURCE FILE Test CMAKE_HAVE_LIBC_PTHREAD failed with the following output:
Change Dir: /home/dhinesh/Downloads/cpp-boilerplate/build/CMakeFiles/CMakeTmp

Run Build Command(s):/usr/bin/make cmTC_7f8d2/fast && /usr/bin/make -f CMakeFiles/cmTC_7f8d2.dir/build.make CMakeFiles/cmTC_7f8d2.dir/build
make[1]: Entering directory '/home/dhinesh/Downloads/cpp-boilerplate/build/CMakeFiles/CMakeTmp'
Building C object CMakeFiles/cmTC_7f8d2.dir/src.c.o
/usr/bin/cc   -DCMAKE_HAVE_LIBC_PTHREAD   -o CMakeFiles/cmTC_7f8d2.dir/src.c.o   -c /home/dhinesh/Downloads/cpp-boilerplate/build/CMakeFiles/CMakeTmp/src.c
Linking C executable cmTC_7f8d2
/usr/bin/cmake -E cmake_link_script CMakeFiles/cmTC_7f8d2.dir/link.txt --verbose=1
/usr/bin/cc  -DCMAKE_HAVE_LIBC_PTHREAD    -rdynamic CMakeFiles/cmTC_7f8d2.dir/src.c.o  -o cmTC_7f8d2 
/usr/bin/ld: CMakeFiles/cmTC_7f8d2.dir/src.c.o: in function `main':
src.c:(.text+0x46): undefined reference to `pthread_create'
/usr/bin/ld: src.c:(.text+0x52): undefined reference to `pthread_detach'
/usr/bin/ld: src.c:(.text+0x63): undefined reference to `pthread_join'
collect2: error: ld returned 1 exit status
make[1]: *** [CMakeFiles/cmTC_7f8d2.dir/build.make:87: cmTC_7f8d2] Error 1
make[1]: Leaving directory '/home/dhinesh/Downloads/cpp-boilerplate/build/CMakeFiles/CMakeTmp'
make: *** [Makefile:121: cmTC_7f8d2/fast] Error 2


Source file was:
#include <pthread.h>

void* test_func(void* data)
{
  return data;
}

int main(void)
{
  pthread_t thread;
  pthread_create(&thread, NULL, test_func, NULL);
  pthread_detach(thread);
  pthread_join(thread, NULL);
  pthread_atfork(NULL, NULL, NULL);
  pthread_exit(NULL);

  return 0;
}

Determining if the function pthread_create exists in the pthreads failed with the following output:
Change Dir: /home/dhinesh/Downloads/cpp-boilerplate/build/CMakeFiles/CMakeTmp

Run Build Command(s):/usr/bin/make cmTC_81560/fast && /usr/bin/make -f CMakeFiles/cmTC_81560.dir/build.make CMakeFiles/cmTC_81560.dir/build
make[1]: Entering directory '/home/dhinesh/Downloads/cpp-boilerplate/build/CMakeFiles/CMakeTmp'
Building C object CMakeFiles/cmTC_81560.dir/CheckFunctionExists.c.o
/usr/bin/cc   -DCHECK_FUNCTION_EXISTS=pthread_create   -o CMakeFiles/cmTC_81560.dir/CheckFunctionExists.c.o   -c /usr/share/cmake-3.16/Modules/CheckFunctionExists.c
Linking C executable cmTC_81560
/usr/bin/cmake -E cmake_link_script CMakeFiles/cmTC_81560.dir/link.txt --verbose=1
/usr/bin/cc  -DCHECK_FUNCTION_EXISTS=pthread_create    -rdynamic CMakeFiles/cmTC_81560.dir/CheckFunctionExists.c.o  -o cmTC_81560  -lpthreads 
/usr/bin/ld: cannot find -lpthreads
collect2: error: ld returned 1 exit status
make[1]: *** [CMakeFiles/cmTC_81560.dir/build.make:87: cmTC_81560] Error 1
make[1]: Leaving directory '/home/dhinesh/Downloads/cpp-boilerplate/build/CMakeFiles/CMakeTmp'
make: *** [Makefile:121: cmTC_81560/fast] Error 2



Performing C SOURCE FILE Test CMAKE_HAVE_LIBC_PTHREAD failed with the following output:
Change Dir: /home/dhinesh/Downloads/cpp-boilerplate/build/CMakeFiles/CMakeTmp

Run Build Command(s):/usr/bin/make cmTC_07942/fast && /usr/bin/make -f CMakeFiles/cmTC_07942.dir/build.make CMakeFiles/cmTC_07942.dir/build
make[1]: Entering directory '/home/dhinesh/Downloads/cpp-boilerplate/build/CMakeFiles/CMakeTmp'
Building C object CMakeFiles/cmTC_07942.dir/src.c.o
/usr/bin/cc   -DCMAKE_HAVE_LIBC_PTHREAD   -o CMakeFiles/cmTC_07942.dir/src.c.o   -c /home/dhinesh/Downloads/cpp-boilerplate/build/CMakeFiles/CMakeTmp/src.c
Linking C executable cmTC_07942
/usr/bin/cmake -E cmake_link_script CMakeFiles/cmTC_07942.dir/link.txt --verbose=1
/usr/bin/cc  -DCMAKE_HAVE_LIBC_PTHREAD    -rdynamic CMakeFiles/cmTC_07942.dir/src.c.o  -o cmTC_07942 
/usr/bin/ld: CMakeFiles/cmTC_07942.dir/src.c.o: in function `main':
src.c:(.text+0x46): undefined reference to `pthread_create'
/usr/bin/ld: src.c:(.text+0x52): undefined reference to `pthread_detach'
/usr/bin/ld: src.c:(.text+0x63): undefined reference to `pthread_join'
collect2: error: ld returned 1 exit status
make[1]: *** [CMakeFiles/cmTC_07942.dir/build.make:87: cmTC_07942] Error 1
make[1]: Leaving directory '/home/dhinesh/Downloads/cpp-boilerplate/build/CMakeFiles/CMakeTmp'
make: *** [Makefile:121: cmTC_07942/fast] Error 2


Source file was:
#include <pthread.h>

void* test_func(void* data)
{
  return data;
}

int main(void)
{
  pthread_t thread;
  pthread_create(&thread, NULL, test_func, NULL);
  pthread_detach(thread);
  pthread_join(thread, NULL);
  pthread_atfork(NULL, NULL, NULL);
  pthread_exit(NULL);

  return 0;
}

Determining if the function pthread_create exists in the pthreads failed with the following output:
Change Dir: /home/dhinesh/Downloads/cpp-boilerplate/build/CMakeFiles/CMakeTmp

Run Build Command(s):/usr/bin/make cmTC_b2731/fast && /usr/bin/make -f CMakeFiles/cmTC_b2731.dir/build.make CMakeFiles/cmTC_b2731.dir/build
make[1]: Entering directory '/home/dhinesh/Downloads/cpp-boilerplate/build/CMakeFiles/CMakeTmp'
Building C object CMakeFiles/cmTC_b2731.dir/CheckFunctionExists.c.o
/usr/bin/cc   -DCHECK_FUNCTION_EXISTS=pthread_create   -o CMakeFiles/cmTC_b2731.dir/CheckFunctionExists.c.o   -c /usr/share/cmake-3.16/Modules/CheckFunctionExists.c
Linking C executable cmTC_b2731
/usr/bin/cmake -E cmake_link_script CMakeFiles/cmTC_b2731.dir/link.txt --verbose=1
/usr/bin/cc  -DCHECK_FUNCTION_EXISTS=pthread_create    -rdynamic CMakeFiles/cmTC_b2731.dir/CheckFunctionExists.c.o  -o cmTC_b2731  -lpthreads 
/usr/bin/ld: cannot find -lpthreads
collect2: error: ld returned 1 exit status
make[1]: *** [CMakeFiles/cmTC_b2731.dir/build.make:87: cmTC_b2731] Error 1
make[1]: Leaving directory '/home/dhinesh/Downloads/cpp-boilerplate/build/CMakeFiles/CMakeTmp'
make: *** [Makefile:121: cmTC_b2731/fast] Error 2



Performing C SOURCE FILE Test CMAKE_HAVE_LIBC_PTHREAD failed with the following output:
Change Dir: /home/dhinesh/Downloads/cpp-boilerplate/build/CMakeFiles/CMakeTmp

Run Build Command(s):/usr/bin/make cmTC_75b76/fast && /usr/bin/make -f CMakeFiles/cmTC_75b76.dir/build.make CMakeFiles/cmTC_75b76.dir/build
make[1]: Entering directory '/home/dhinesh/Downloads/cpp-boilerplate/build/CMakeFiles/CMakeTmp'
Building C object CMakeFiles/cmTC_75b76.dir/src.c.o
/usr/bin/cc   -DCMAKE_HAVE_LIBC_PTHREAD   -o CMakeFiles/cmTC_75b76.dir/src.c.o   -c /home/dhinesh/Downloads/cpp-boilerplate/build/CMakeFiles/CMakeTmp/src.c
Linking C executable cmTC_75b76
/usr/bin/cmake -E cmake_link_script CMakeFiles/cmTC_75b76.dir/link.txt --verbose=1
/usr/bin/cc  -DCMAKE_HAVE_LIBC_PTHREAD    -rdynamic CMakeFiles/cmTC_75b76.dir/src.c.o  -o cmTC_75b76 
/usr/bin/ld: CMakeFiles/cmTC_75b76.dir/src.c.o: in function `main':
src.c:(.text+0x46): undefined reference to `pthread_create'
/usr/bin/ld: src.c:(.text+0x52): undefined reference to `pthread_detach'
/usr/bin/ld: src.c:(.text+0x63): undefined reference to `pthread_join'
collect2: error: ld returned 1 exit status
make[1]: *** [CMakeFiles/cmTC_75b76.dir/build.make:87: cmTC_75b76] Error 1
make[1]: Leaving directory '/home/dhinesh/Downloads/cpp-boilerplate/build/CMakeFiles/CMakeTmp'
make: *** [Makefile:121: cmTC_75b76/fast] Error 2


Source file was:
#include <pthread.h>

void* test_func(void* data)
{
  return data;
}

int main(void)
{
  pthread_t thread;
  pthread_create(&thread, NULL, test_func, NULL);
  pthread_detach(thread);
  pthread_join(thread, NULL);
  pthread_atfork(NULL, NULL, NULL);
  pthread_exit(NULL);

  return 0;
}

Determining if the function pthread_create exists in the pthreads failed with the following output:
Change Dir: /home/dhinesh/Downloads/cpp-boilerplate/build/CMakeFiles/CMakeTmp

Run Build Command(s):/usr/bin/make cmTC_4c86e/fast && /usr/bin/make -f CMakeFiles/cmTC_4c86e.dir/build.make CMakeFiles/cmTC_4c86e.dir/build
make[1]: Entering directory '/home/dhinesh/Downloads/cpp-boilerplate/build/CMakeFiles/CMakeTmp'
Building C object CMakeFiles/cmTC_4c86e.dir/CheckFunctionExists.c.o
/usr/bin/cc   -DCHECK_FUNCTION_EXISTS=pthread_create   -o CMakeFiles/cmTC_4c86e.dir/CheckFunctionExists.c.o   -c /usr/share/cmake-3.16/Modules/CheckFunctionExists.c
Linking C executable cmTC_4c86e
/usr/bin/cmake -E cmake_link_script CMakeFiles/cmTC_4c86e.dir/link.txt --verbose=1
/usr/bin/cc  -DCHECK_FUNCTION_EXISTS=pthread_create    -rdynamic CMakeFiles/cmTC_4c86e.dir/CheckFunctionExists.c.o  -o cmTC_4c86e  -lpthreads 
/usr/bin/ld: cannot find -lpthreads
collect2: error: ld returned 1 exit status
make[1]: *** [CMakeFiles/cmTC_4c86e.dir/build.make:87: cmTC_4c86e] Error 1
make[1]: Leaving directory '/home/dhinesh/Downloads/cpp-boilerplate/build/CMakeFiles/CMakeTmp'
make: *** [Makefile:121: cmTC_4c86e/fast] Error 2



Performing C SOURCE FILE Test CMAKE_HAVE_LIBC_PTHREAD failed with the following output:
Change Dir: /home/dhinesh/Downloads/cpp-boilerplate/build/CMakeFiles/CMakeTmp

Run Build Command(s):/usr/bin/make cmTC_9330a/fast && /usr/bin/make -f CMakeFiles/cmTC_9330a.dir/build.make CMakeFiles/cmTC_9330a.dir/build
make[1]: Entering directory '/home/dhinesh/Downloads/cpp-boilerplate/build/CMakeFiles/CMakeTmp'
Building C object CMakeFiles/cmTC_9330a.dir/src.c.o
/usr/bin/cc   -DCMAKE_HAVE_LIBC_PTHREAD   -o CMakeFiles/cmTC_9330a.dir/src.c.o   -c /home/dhinesh/Downloads/cpp-boilerplate/build/CMakeFiles/CMakeTmp/src.c
Linking C executable cmTC_9330a
/usr/bin/cmake -E cmake_link_script CMakeFiles/cmTC_9330a.dir/link.txt --verbose=1
/usr/bin/cc  -DCMAKE_HAVE_LIBC_PTHREAD    -rdynamic CMakeFiles/cmTC_9330a.dir/src.c.o  -o cmTC_9330a 
/usr/bin/ld: CMakeFiles/cmTC_9330a.dir/src.c.o: in function `main':
src.c:(.text+0x46): undefined reference to `pthread_create'
/usr/bin/ld: src.c:(.text+0x52): undefined reference to `pthread_detach'
/usr/bin/ld: src.c:(.text+0x63): undefined reference to `pthread_join'
collect2: error: ld returned 1 exit status
make[1]: *** [CMakeFiles/cmTC_9330a.dir/build.make:87: cmTC_9330a] Error 1
make[1]: Leaving directory '/home/dhinesh/Downloads/cpp-boilerplate/build/CMakeFiles/CMakeTmp'
make: *** [Makefile:121: cmTC_9330a/fast] Error 2


Source file was:
#include <pthread.h>

void* test_func(void* data)
{
  return data;
}

int main(void)
{
  pthread_t thread;
  pthread_create(&thread, NULL, test_func, NULL);
  pthread_detach(thread);
  pthread_join(thread, NULL);
  pthread_atfork(NULL, NULL, NULL);
  pthread_exit(NULL);

  return 0;
}

Determining if the function pthread_create exists in the pthreads failed with the following output:
Change Dir: /home/dhinesh/Downloads/cpp-boilerplate/build/CMakeFiles/CMakeTmp

Run Build Command(s):/usr/bin/make cmTC_5a2c3/fast && /usr/bin/make -f CMakeFiles/cmTC_5a2c3.dir/build.make CMakeFiles/cmTC_5a2c3.dir/build
make[1]: Entering directory '/home/dhinesh/Downloads/cpp-boilerplate/build/CMakeFiles/CMakeTmp'
Building C object CMakeFiles/cmTC_5a2c3.dir/CheckFunctionExists.c.o
/usr/bin/cc   -DCHECK_FUNCTION_EXISTS=pthread_create   -o CMakeFiles/cmTC_5a2c3.dir/CheckFunctionExists.c.o   -c /usr/share/cmake-3.16/Modules/CheckFunctionExists.c
Linking C executable cmTC_5a2c3
/usr/bin/cmake -E cmake_link_script CMakeFiles/cmTC_5a2c3.dir/link.txt --verbose=1
/usr/bin/cc  -DCHECK_FUNCTION_EXISTS=pthread_create    -rdynamic CMakeFiles/cmTC_5a2c3.dir/CheckFunctionExists.c.o  -o cmTC_5a2c3  -lpthreads 
/usr/bin/ld: cannot find -lpthreads
collect2: error: ld returned 1 exit status
make[1]: *** [CMakeFiles/cmTC_5a2c3.dir/build.make:87: cmTC_5a2c3] Error 1
make[1]: Leaving directory '/home/dhinesh/Downloads/cpp-boilerplate/build/CMakeFiles/CMakeTmp'
make: *** [Makefile:121: cmTC_5a2c3/fast] Error 2



Performing C SOURCE FILE Test CMAKE_HAVE_LIBC_PTHREAD failed with the following output:
Change Dir: /home/dhinesh/Downloads/cpp-boilerplate/build/CMakeFiles/CMakeTmp

Run Build Command(s):/usr/bin/make cmTC_70bf5/fast && /usr/bin/make -f CMakeFiles/cmTC_70bf5.dir/build.make CMakeFiles/cmTC_70bf5.dir/build
make[1]: Entering directory '/home/dhinesh/Downloads/cpp-boilerplate/build/CMakeFiles/CMakeTmp'
Building C object CMakeFiles/cmTC_70bf5.dir/src.c.o
/usr/bin/cc   -DCMAKE_HAVE_LIBC_PTHREAD   -o CMakeFiles/cmTC_70bf5.dir/src.c.o   -c /home/dhinesh/Downloads/cpp-boilerplate/build/CMakeFiles/CMakeTmp/src.c
Linking C executable cmTC_70bf5
/usr/bin/cmake -E cmake_link_script CMakeFiles/cmTC_70bf5.dir/link.txt --verbose=1
/usr/bin/cc  -DCMAKE_HAVE_LIBC_PTHREAD    -rdynamic CMakeFiles/cmTC_70bf5.dir/src.c.o  -o cmTC_70bf5 
/usr/bin/ld: CMakeFiles/cmTC_70bf5.dir/src.c.o: in function `main':
src.c:(.text+0x46): undefined reference to `pthread_create'
/usr/bin/ld: src.c:(.text+0x52): undefined reference to `pthread_detach'
/usr/bin/ld: src.c:(.text+0x63): undefined reference to `pthread_join'
collect2: error: ld returned 1 exit status
make[1]: *** [CMakeFiles/cmTC_70bf5.dir/build.make:87: cmTC_70bf5] Error 1
make[1]: Leaving directory '/home/dhinesh/Downloads/cpp-boilerplate/build/CMakeFiles/CMakeTmp'
make: *** [Makefile:121: cmTC_70bf5/fast] Error 2


Source file was:
#include <pthread.h>

void* test_func(void* data)
{
  return data;
}

int main(void)
{
  pthread_t thread;
  pthread_create(&thread, NULL, test_func, NULL);
  pthread_detach(thread);
  pthread_join(thread, NULL);
  pthread_atfork(NULL, NULL, NULL);
  pthread_exit(NULL);

  return 0;
}

Determining if the function pthread_create exists in the pthreads failed with the following output:
Change Dir: /home/dhinesh/Downloads/cpp-boilerplate/build/CMakeFiles/CMakeTmp

Run Build Command(s):/usr/bin/make cmTC_5c767/fast && /usr/bin/make -f CMakeFiles/cmTC_5c767.dir/build.make CMakeFiles/cmTC_5c767.dir/build
make[1]: Entering directory '/home/dhinesh/Downloads/cpp-boilerplate/build/CMakeFiles/CMakeTmp'
Building C object CMakeFiles/cmTC_5c767.dir/CheckFunctionExists.c.o
/usr/bin/cc   -DCHECK_FUNCTION_EXISTS=pthread_create   -o CMakeFiles/cmTC_5c767.dir/CheckFunctionExists.c.o   -c /usr/share/cmake-3.16/Modules/CheckFunctionExists.c
Linking C executable cmTC_5c767
/usr/bin/cmake -E cmake_link_script CMakeFiles/cmTC_5c767.dir/link.txt --verbose=1
/usr/bin/cc  -DCHECK_FUNCTION_EXISTS=pthread_create    -rdynamic CMakeFiles/cmTC_5c767.dir/CheckFunctionExists.c.o  -o cmTC_5c767  -lpthreads 
/usr/bin/ld: cannot find -lpthreads
collect2: error: ld returned 1 exit status
make[1]: *** [CMakeFiles/cmTC_5c767.dir/build.make:87: cmTC_5c767] Error 1
make[1]: Leaving directory '/home/dhinesh/Downloads/cpp-boilerplate/build/CMakeFiles/CMakeTmp'
make: *** [Makefile:121: cmTC_5c767/fast] Error 2



